[2022/09/21 12:14:01] === update info ===
[2022/09/21 12:14:01]  platformUpdate: /home/shg/.config/VisualParadigm/tmp/platformupdate17324539763187854109_dir/lib/platforminstaller.jar
[2022/09/21 12:14:01]  updateIndex: 0
[2022/09/21 12:14:01]  process: true
[2022/09/21 12:14:01]  local server: false (patch: false)
[2022/09/21 12:14:01]  config: false
[2022/09/21 12:14:01]  quiet: false
[2022/09/21 12:14:01]  init: false (force: false, version: null)
[2022/09/21 12:14:01]  local: null
[2022/09/21 12:14:01]  server: null
[2022/09/21 12:14:01]  servers: null
[2022/09/21 12:14:01]  directory: null
[2022/09/21 12:14:01]  proxy.host: 
[2022/09/21 12:14:01]  proxy.port: 
[2022/09/21 12:14:01]  update from vp: false
[2022/09/21 12:14:01]  auto updating: true
[2022/09/21 12:14:01]  auto updating 2: false
[2022/09/21 12:14:01]  client build: 20220913
[2022/09/21 12:14:01]  request download key 12.0: null
[2022/09/21 12:14:01] === Internet Connection Links ====
[2022/09/21 12:14:01] servers: https://www.visual-paradigm.com/download/productupdate/vp.jsp
[2022/09/21 12:14:01] latest: https://www.visual-paradigm.com/download/latestinfo.jsp
[2022/09/21 12:14:01] documentation: https://www.visual-paradigm.com/installers/vpsuite17.0/
[2022/09/21 12:14:01] product name: Visual Paradigm
[2022/09/21 12:14:01] ----------------------------------
[2022/09/21 12:14:01] === Internet Connection Links ====
[2022/09/21 12:14:01] servers: https://www.visual-paradigm.com/download/productupdate/vp.jsp
[2022/09/21 12:14:01] latest: https://www.visual-paradigm.com/download/latestinfo.jsp
[2022/09/21 12:14:01] documentation: https://www.visual-paradigm.com/installers/vpsuite17.0/
[2022/09/21 12:14:01] product name: Visual Paradigm
[2022/09/21 12:14:01] ----------------------------------
[2022/09/21 12:14:01] <<< Update Process >>>
[2022/09/21 12:14:01] ----------------- Update Main (Auto) ---------------
[2022/09/21 12:14:01] >>> read installed products: true, /home/shg/Visual_Paradigm_CE_17.0/resources/.product_installation.xml
[2022/09/21 12:14:01] loading installed product: /home/shg/Visual_Paradigm_CE_17.0, vp, 1
[2022/09/21 12:14:01] ---------------------------------------------
[2022/09/21 12:14:01] Finding Server...
[2022/09/21 12:14:02] Selected Server: USA8, https://usa13.dl.visual-paradigm.com/visual-paradigm/vp17.0/20220913/Update
[2022/09/21 12:14:02] Trying connect server...
[2022/09/21 12:14:03] test connection..... true, https://usa13.dl.visual-paradigm.com/visual-paradigm/vp17.0/20220913/Update/resources/vpupdateinfo.xml
[2022/09/21 12:14:03] Auto Update Checking Update Program...
[2022/09/21 12:14:03] >>>>>>>>>>> GET UPDATE XML FROM SERVER: false, https://usa13.dl.visual-paradigm.com/visual-paradigm/vp17.0/20220913/Update
[2022/09/21 12:14:03] >>>>>>>>>>> GET UPDATE XML FROM SERVER 3: https://usa13.dl.visual-paradigm.com/visual-paradigm/vp17.0/20220913/Update/resources/vpupdateinfo.xml
[2022/09/21 12:14:03] >>>>>>>>>>> GET UPDATE XML FROM SERVER 4: true, sun.net.www.protocol.http.HttpURLConnection$HttpInputStream@6e5b047b
[2022/09/21 12:14:03] >>>>>>>>>>> GET UPDATE XML FROM SERVER 7: sun.net.www.protocol.http.HttpURLConnection$HttpInputStream@6e5b047b
[2022/09/21 12:14:03] >>>>>>>>>>> GET UPDATE XML FROM SERVER 8: /home/shg/.config/VisualParadigm/tmp/productupdatexml3410869721999559985.xml
[2022/09/21 12:14:03] >>>>>>>>>>> GET UPDATE XML FROM SERVER 9: /home/shg/.config/VisualParadigm/tmp/productupdatexml3410869721999559985.xml
[2022/09/21 12:14:03] Version --- https://usa13.dl.visual-paradigm.com/visual-paradigm/vp17.0/20220913/Update 
program: 
	20220602
	20220602
product: 
	vp
	vp
build: 
	20220913
	20220913
suite version: 
	17.0
	17.0
resume: 
	20220913
	null
[2022/09/21 12:14:03] You are running the latest hotfix build. No need to update.
[2022/09/21 12:22:13] === Java Execute =================
[2022/09/21 12:22:13] /home/shg/Visual_Paradigm_CE_17.0/jre/bin/java
[2022/09/21 12:22:13] -cp
[2022/09/21 12:22:13] /home/shg/Visual_Paradigm_CE_17.0/lib/platforminstaller.jar:
[2022/09/21 12:22:13] com.vp.platform.installer.ClearUpdateMain
[2022/09/21 12:22:13] /home/shg/.config/VisualParadigm/tmp/platformupdate17324539763187854109_dir
[2022/09/21 12:22:13] --------------------
[2022/09/21 12:22:13] /home/shg/Visual_Paradigm_CE_17.0/jre/bin/java -cp /home/shg/Visual_Paradigm_CE_17.0/lib/platforminstaller.jar: com.vp.platform.installer.ClearUpdateMain /home/shg/.config/VisualParadigm/tmp/platformupdate17324539763187854109_dir
[2022/09/21 12:22:13] --------------------
[2022/10/02 15:15:31] === update info ===
[2022/10/02 15:15:31]  platformUpdate: /home/shg/.config/VisualParadigm/tmp/platformupdate1375879861608622440_dir/lib/platforminstaller.jar
[2022/10/02 15:15:31]  updateIndex: 0
[2022/10/02 15:15:31]  process: true
[2022/10/02 15:15:31]  local server: false (patch: false)
[2022/10/02 15:15:31]  config: false
[2022/10/02 15:15:31]  quiet: false
[2022/10/02 15:15:31]  init: false (force: false, version: null)
[2022/10/02 15:15:31]  local: null
[2022/10/02 15:15:31]  server: null
[2022/10/02 15:15:31]  servers: null
[2022/10/02 15:15:31]  directory: null
[2022/10/02 15:15:31]  proxy.host: 
[2022/10/02 15:15:31]  proxy.port: 
[2022/10/02 15:15:31]  update from vp: false
[2022/10/02 15:15:31]  auto updating: true
[2022/10/02 15:15:31]  auto updating 2: false
[2022/10/02 15:15:31]  client build: 20220913
[2022/10/02 15:15:31]  request download key 12.0: null
[2022/10/02 15:15:31] === Internet Connection Links ====
[2022/10/02 15:15:31] servers: https://www.visual-paradigm.com/download/productupdate/vp.jsp
[2022/10/02 15:15:31] latest: https://www.visual-paradigm.com/download/latestinfo.jsp
[2022/10/02 15:15:31] documentation: https://www.visual-paradigm.com/installers/vpsuite17.0/
[2022/10/02 15:15:31] product name: Visual Paradigm
[2022/10/02 15:15:31] ----------------------------------
[2022/10/02 15:15:31] === Internet Connection Links ====
[2022/10/02 15:15:31] servers: https://www.visual-paradigm.com/download/productupdate/vp.jsp
[2022/10/02 15:15:31] latest: https://www.visual-paradigm.com/download/latestinfo.jsp
[2022/10/02 15:15:31] documentation: https://www.visual-paradigm.com/installers/vpsuite17.0/
[2022/10/02 15:15:31] product name: Visual Paradigm
[2022/10/02 15:15:31] ----------------------------------
[2022/10/02 15:15:31] <<< Update Process >>>
[2022/10/02 15:15:31] ----------------- Update Main (Auto) ---------------
[2022/10/02 15:15:31] >>> read installed products: true, /home/shg/Visual_Paradigm_CE_17.0/resources/.product_installation.xml
[2022/10/02 15:15:31] loading installed product: /home/shg/Visual_Paradigm_CE_17.0, vp, 1
[2022/10/02 15:15:31] ---------------------------------------------
[2022/10/02 15:15:31] Finding Server...
[2022/10/02 15:15:32] Selected Server: USA7, https://usa12.dl.visual-paradigm.com/visual-paradigm/vp17.0/20220913/Update
[2022/10/02 15:15:32] Trying connect server...
[2022/10/02 15:15:32] test connection..... true, https://usa12.dl.visual-paradigm.com/visual-paradigm/vp17.0/20220913/Update/resources/vpupdateinfo.xml
[2022/10/02 15:15:32] Auto Update Checking Update Program...
[2022/10/02 15:15:32] >>>>>>>>>>> GET UPDATE XML FROM SERVER: false, https://usa12.dl.visual-paradigm.com/visual-paradigm/vp17.0/20220913/Update
[2022/10/02 15:15:32] >>>>>>>>>>> GET UPDATE XML FROM SERVER 3: https://usa12.dl.visual-paradigm.com/visual-paradigm/vp17.0/20220913/Update/resources/vpupdateinfo.xml
[2022/10/02 15:15:33] >>>>>>>>>>> GET UPDATE XML FROM SERVER 4: true, sun.net.www.protocol.http.HttpURLConnection$HttpInputStream@ab3932a
[2022/10/02 15:15:33] >>>>>>>>>>> GET UPDATE XML FROM SERVER 7: sun.net.www.protocol.http.HttpURLConnection$HttpInputStream@ab3932a
[2022/10/02 15:15:33] >>>>>>>>>>> GET UPDATE XML FROM SERVER 8: /home/shg/.config/VisualParadigm/tmp/productupdatexml6982649703500554044.xml
[2022/10/02 15:15:33] >>>>>>>>>>> GET UPDATE XML FROM SERVER 9: /home/shg/.config/VisualParadigm/tmp/productupdatexml6982649703500554044.xml
[2022/10/02 15:15:33] Version --- https://usa12.dl.visual-paradigm.com/visual-paradigm/vp17.0/20220913/Update 
program: 
	20220602
	20220602
product: 
	vp
	vp
build: 
	20220913
	20220913
suite version: 
	17.0
	17.0
resume: 
	20220913
	null
[2022/10/02 15:15:33] You are running the latest hotfix build. No need to update.
[2022/10/02 15:55:38] === Java Execute =================
[2022/10/02 15:55:38] /home/shg/Visual_Paradigm_CE_17.0/jre/bin/java
[2022/10/02 15:55:38] -cp
[2022/10/02 15:55:38] /home/shg/Visual_Paradigm_CE_17.0/lib/platforminstaller.jar:
[2022/10/02 15:55:38] com.vp.platform.installer.ClearUpdateMain
[2022/10/02 15:55:38] /home/shg/.config/VisualParadigm/tmp/platformupdate1375879861608622440_dir
[2022/10/02 15:55:38] --------------------
[2022/10/02 15:55:38] /home/shg/Visual_Paradigm_CE_17.0/jre/bin/java -cp /home/shg/Visual_Paradigm_CE_17.0/lib/platforminstaller.jar: com.vp.platform.installer.ClearUpdateMain /home/shg/.config/VisualParadigm/tmp/platformupdate1375879861608622440_dir
[2022/10/02 15:55:38] --------------------
[2022/11/07 18:14:28] === update info ===
[2022/11/07 18:14:28]  platformUpdate: /home/shg/.config/VisualParadigm/tmp/platformupdate11636383258311213804_dir/lib/platforminstaller.jar
[2022/11/07 18:14:28]  updateIndex: 0
[2022/11/07 18:14:28]  process: true
[2022/11/07 18:14:28]  local server: false (patch: false)
[2022/11/07 18:14:28]  config: false
[2022/11/07 18:14:28]  quiet: false
[2022/11/07 18:14:28]  init: false (force: false, version: null)
[2022/11/07 18:14:28]  local: null
[2022/11/07 18:14:28]  server: null
[2022/11/07 18:14:28]  servers: null
[2022/11/07 18:14:28]  directory: null
[2022/11/07 18:14:28]  proxy.host: 
[2022/11/07 18:14:28]  proxy.port: 
[2022/11/07 18:14:28]  update from vp: false
[2022/11/07 18:14:28]  auto updating: true
[2022/11/07 18:14:28]  auto updating 2: false
[2022/11/07 18:14:28]  client build: 20220913
[2022/11/07 18:14:28]  request download key 12.0: null
[2022/11/07 18:14:28] === Internet Connection Links ====
[2022/11/07 18:14:28] servers: https://www.visual-paradigm.com/download/productupdate/vp.jsp
[2022/11/07 18:14:28] latest: https://www.visual-paradigm.com/download/latestinfo.jsp
[2022/11/07 18:14:28] documentation: https://www.visual-paradigm.com/installers/vpsuite17.0/
[2022/11/07 18:14:28] product name: Visual Paradigm
[2022/11/07 18:14:28] ----------------------------------
[2022/11/07 18:14:28] === Internet Connection Links ====
[2022/11/07 18:14:28] servers: https://www.visual-paradigm.com/download/productupdate/vp.jsp
[2022/11/07 18:14:28] latest: https://www.visual-paradigm.com/download/latestinfo.jsp
[2022/11/07 18:14:28] documentation: https://www.visual-paradigm.com/installers/vpsuite17.0/
[2022/11/07 18:14:28] product name: Visual Paradigm
[2022/11/07 18:14:28] ----------------------------------
[2022/11/07 18:14:28] <<< Update Process >>>
[2022/11/07 18:14:28] ----------------- Update Main (Auto) ---------------
[2022/11/07 18:14:28] >>> read installed products: true, /home/shg/Visual_Paradigm_CE_17.0/resources/.product_installation.xml
[2022/11/07 18:14:28] loading installed product: /home/shg/Visual_Paradigm_CE_17.0, vp, 1
[2022/11/07 18:14:28] ---------------------------------------------
[2022/11/07 18:14:28] Finding Server...
[2022/11/07 18:14:28] Selected Server: USA, https://usa6.dl.visual-paradigm.com/visual-paradigm/vp17.0/20221001/Update
[2022/11/07 18:14:28] Trying connect server...
[2022/11/07 18:14:29] test connection..... true, https://usa6.dl.visual-paradigm.com/visual-paradigm/vp17.0/20221001/Update/resources/vpupdateinfo.xml
[2022/11/07 18:14:29] Auto Update Checking Update Program...
[2022/11/07 18:14:29] >>>>>>>>>>> GET UPDATE XML FROM SERVER: false, https://usa6.dl.visual-paradigm.com/visual-paradigm/vp17.0/20221001/Update
[2022/11/07 18:14:29] >>>>>>>>>>> GET UPDATE XML FROM SERVER 3: https://usa6.dl.visual-paradigm.com/visual-paradigm/vp17.0/20221001/Update/resources/vpupdateinfo.xml
[2022/11/07 18:14:29] >>>>>>>>>>> GET UPDATE XML FROM SERVER 4: true, sun.net.www.protocol.http.HttpURLConnection$HttpInputStream@4eb716c6
[2022/11/07 18:14:29] >>>>>>>>>>> GET UPDATE XML FROM SERVER 7: sun.net.www.protocol.http.HttpURLConnection$HttpInputStream@4eb716c6
[2022/11/07 18:14:29] >>>>>>>>>>> GET UPDATE XML FROM SERVER 8: /home/shg/.config/VisualParadigm/tmp/productupdatexml3251976668450968744.xml
[2022/11/07 18:14:29] >>>>>>>>>>> GET UPDATE XML FROM SERVER 9: /home/shg/.config/VisualParadigm/tmp/productupdatexml3251976668450968744.xml
[2022/11/07 18:14:29] Version --- https://usa6.dl.visual-paradigm.com/visual-paradigm/vp17.0/20221001/Update 
program: 
	20220602
	20220602
product: 
	vp
	vp
build: 
	20220913
	20221001
suite version: 
	17.0
	17.0
resume: 
	20221001
	null
[2022/11/07 18:14:29] Checking changes...
[2022/11/07 18:14:29] >>>>>>>>>>> GET UPDATE XML FROM SERVER: false, https://usa6.dl.visual-paradigm.com/visual-paradigm/vp17.0/20221001/Update
[2022/11/07 18:14:29] >>>>>>>>>>> GET UPDATE XML FROM SERVER 3: https://usa6.dl.visual-paradigm.com/visual-paradigm/vp17.0/20221001/Update/resources/vpproductinstallation.xml
[2022/11/07 18:14:30] >>>>>>>>>>> GET UPDATE XML FROM SERVER 4: true, sun.net.www.protocol.http.HttpURLConnection$HttpInputStream@6edba9ed
[2022/11/07 18:14:30] >>>>>>>>>>> GET UPDATE XML FROM SERVER 7: sun.net.www.protocol.http.HttpURLConnection$HttpInputStream@6edba9ed
[2022/11/07 18:14:30] >>>>>>>>>>> GET UPDATE XML FROM SERVER 8: /home/shg/.config/VisualParadigm/tmp/productupdatexml9564485687321107980.xml
[2022/11/07 18:14:30] >>>>>>>>>>> GET UPDATE XML FROM SERVER 9: /home/shg/.config/VisualParadigm/tmp/productupdatexml9564485687321107980.xml
[2022/11/07 18:14:30] >>>>>>>>>>> GET UPDATE XML FROM SERVER: false, https://usa6.dl.visual-paradigm.com/visual-paradigm/vp17.0/20221001/Update
[2022/11/07 18:14:30] >>>>>>>>>>> GET UPDATE XML FROM SERVER 3: https://usa6.dl.visual-paradigm.com/visual-paradigm/vp17.0/20221001/Update/resources/vpproductinstallation.xml
[2022/11/07 18:14:30] >>>>>>>>>>> GET UPDATE XML FROM SERVER 4: true, sun.net.www.protocol.http.HttpURLConnection$HttpInputStream@3c0bb427
[2022/11/07 18:14:30] >>>>>>>>>>> GET UPDATE XML FROM SERVER 7: sun.net.www.protocol.http.HttpURLConnection$HttpInputStream@3c0bb427
[2022/11/07 18:14:30] >>>>>>>>>>> GET UPDATE XML FROM SERVER 8: /home/shg/.config/VisualParadigm/tmp/productupdatexml662538611191692396.xml
[2022/11/07 18:14:31] >>>>>>>>>>> GET UPDATE XML FROM SERVER 9: /home/shg/.config/VisualParadigm/tmp/productupdatexml662538611191692396.xml
[2022/11/07 18:14:31] downloading...: 0 (0.tmp), https://usa6.dl.visual-paradigm.com/visual-paradigm/vp17.0/20221001/Update/lib/lib01.jar
[2022/11/07 18:14:51] 20% (1 of 5)
[2022/11/07 18:14:51] downloading...: 1 (1.tmp), https://usa6.dl.visual-paradigm.com/visual-paradigm/vp17.0/20221001/Update/lib/vpplatform.jar
[2022/11/07 18:15:01] downloading...: 2 (2.tmp), https://usa6.dl.visual-paradigm.com/visual-paradigm/vp17.0/20221001/Update/lib/vpserver.jar
[2022/11/07 18:15:02] 60% (3 of 5)
[2022/11/07 18:15:02] downloading...: 3 (3.tmp), https://usa6.dl.visual-paradigm.com/visual-paradigm/vp17.0/20221001/Update/ormlib/orm.jar
[2022/11/07 18:15:04] downloading...: 4 (4.tmp), https://usa6.dl.visual-paradigm.com/visual-paradigm/vp17.0/20221001/Update/resources/VP_Server_Linux64.tar.gz
[2022/11/07 18:15:28] Downloading files... finished
[2022/11/07 18:15:28] updating...
[2022/11/07 18:15:28] >>>> Auto Update Dir: /home/shg/Visual_Paradigm_CE_17.0/bin/../autoupdate
[2022/11/07 18:24:26] === Java Execute =================
[2022/11/07 18:24:26] /home/shg/Visual_Paradigm_CE_17.0/jre/bin/java
[2022/11/07 18:24:26] -cp
[2022/11/07 18:24:26] /home/shg/Visual_Paradigm_CE_17.0/lib/platforminstaller.jar:
[2022/11/07 18:24:26] com.vp.platform.installer.ClearUpdateMain
[2022/11/07 18:24:26] /home/shg/.config/VisualParadigm/tmp/platformupdate11636383258311213804_dir
[2022/11/07 18:24:26] --------------------
[2022/11/07 18:24:26] /home/shg/Visual_Paradigm_CE_17.0/jre/bin/java -cp /home/shg/Visual_Paradigm_CE_17.0/lib/platforminstaller.jar: com.vp.platform.installer.ClearUpdateMain /home/shg/.config/VisualParadigm/tmp/platformupdate11636383258311213804_dir
[2022/11/07 18:24:26] --------------------
[2022/11/09 19:50:38] === update info ===
[2022/11/09 19:50:38]  platformUpdate: /home/shg/.config/VisualParadigm/tmp/platformupdate11374558648595487663_dir/lib/platforminstaller.jar
[2022/11/09 19:50:38]  updateIndex: 0
[2022/11/09 19:50:38]  process: true
[2022/11/09 19:50:38]  local server: false (patch: false)
[2022/11/09 19:50:38]  config: false
[2022/11/09 19:50:38]  quiet: false
[2022/11/09 19:50:38]  init: false (force: false, version: null)
[2022/11/09 19:50:38]  local: null
[2022/11/09 19:50:38]  server: null
[2022/11/09 19:50:38]  servers: null
[2022/11/09 19:50:38]  directory: null
[2022/11/09 19:50:38]  proxy.host: 
[2022/11/09 19:50:38]  proxy.port: 
[2022/11/09 19:50:38]  update from vp: false
[2022/11/09 19:50:38]  auto updating: true
[2022/11/09 19:50:38]  auto updating 2: true
[2022/11/09 19:50:38]  client build: 20220913
[2022/11/09 19:50:38]  request download key 12.0: null
[2022/11/09 19:50:38] === Internet Connection Links ====
[2022/11/09 19:50:38] servers: https://www.visual-paradigm.com/download/productupdate/vp.jsp
[2022/11/09 19:50:38] latest: https://www.visual-paradigm.com/download/latestinfo.jsp
[2022/11/09 19:50:38] documentation: https://www.visual-paradigm.com/installers/vpsuite17.0/
[2022/11/09 19:50:38] product name: Visual Paradigm
[2022/11/09 19:50:38] ----------------------------------
[2022/11/09 19:50:38] === Internet Connection Links ====
[2022/11/09 19:50:38] servers: https://www.visual-paradigm.com/download/productupdate/vp.jsp
[2022/11/09 19:50:38] latest: https://www.visual-paradigm.com/download/latestinfo.jsp
[2022/11/09 19:50:38] documentation: https://www.visual-paradigm.com/installers/vpsuite17.0/
[2022/11/09 19:50:38] product name: Visual Paradigm
[2022/11/09 19:50:38] ----------------------------------
[2022/11/09 19:50:38] <<< Update Process >>>
[2022/11/09 19:50:39] Java 9 UI scale factor: 1.0
[2022/11/09 19:50:39] Scale Factor: 1.0
[2022/11/09 19:50:39] >>> read installed products: true, /home/shg/Visual_Paradigm_CE_17.0/resources/.product_installation.xml
[2022/11/09 19:50:39] loading installed product: /home/shg/Visual_Paradigm_CE_17.0, vp, 1
[2022/11/09 19:50:39] loadProductsInstallation: p.m.b@42a48628
[2022/11/09 19:50:39] > vp, /home/shg/Visual_Paradigm_CE_17.0
[2022/11/09 19:50:39] x bin/dbvasql
[2022/11/09 19:50:39] x resources/dbvasql
[2022/11/09 19:50:39] x bin/bpva
[2022/11/09 19:50:39] x bin/dbva
[2022/11/09 19:50:39] x resources/dbva
[2022/11/09 19:50:39] x bin/ag
[2022/11/09 19:50:39] x bin/sde
[2022/11/09 19:50:39] x sde
[2022/11/09 19:50:39] x resources/ag
[2022/11/09 19:50:39] x resources/bpva
[2022/11/09 19:50:39] x resources/lz
[2022/11/09 19:50:39] x bin/vpuml
[2022/11/09 19:50:39] x resources/vpuml
[2022/11/09 19:50:39] x resources/vp
[2022/11/09 19:50:39] product properties, product: vp, p.m.a@74f0ea28
[2022/11/09 19:50:39] >>>>>> productInstallation.r_setProductProperty: /home/shg/Visual_Paradigm_CE_17.0, true
[2022/11/09 19:50:39] ----------------- Update Main (GUI) ---------------
[2022/11/09 19:50:39]  - selected - vp
[2022/11/09 19:50:39] ---------------------------------------------
[2022/11/09 19:50:52] >>> read installed products: true, /home/shg/Visual_Paradigm_CE_17.0/resources/.product_installation.xml
[2022/11/09 19:50:52] loading installed product: /home/shg/Visual_Paradigm_CE_17.0, vp, 1
[2022/11/09 19:50:52] loadProductsInstallation: p.m.b@57e20e37
[2022/11/09 19:50:52] > vp, /home/shg/Visual_Paradigm_CE_17.0
[2022/11/09 19:50:52] x bin/dbvasql
[2022/11/09 19:50:52] x resources/dbvasql
[2022/11/09 19:50:52] x bin/bpva
[2022/11/09 19:50:52] x bin/dbva
[2022/11/09 19:50:52] x resources/dbva
[2022/11/09 19:50:52] x bin/ag
[2022/11/09 19:50:52] x bin/sde
[2022/11/09 19:50:52] x sde
[2022/11/09 19:50:52] x resources/ag
[2022/11/09 19:50:52] x resources/bpva
[2022/11/09 19:50:52] x resources/lz
[2022/11/09 19:50:52] x bin/vpuml
[2022/11/09 19:50:52] x resources/vpuml
[2022/11/09 19:50:52] x resources/vp
[2022/11/09 19:50:52] product properties, product: vp_integration_ec, null
[2022/11/09 19:50:52] product properties, product: vp_integration_vs, null
[2022/11/09 19:50:52] start check VS ...2010/2012/2013/2015/2017/2019...
[2022/11/09 19:50:52] Visual Studio does not support on this OS
[2022/11/09 19:50:52] product properties, product: vp_integration_nb, null
[2022/11/09 19:50:52] product properties, product: vp_integration_ij, null
[2022/11/09 19:50:52] product properties, product: ag, null
[2022/11/09 19:50:52] product properties, product: dbva, null
[2022/11/09 19:50:52] product properties, product: dbva_integration_ec, null
[2022/11/09 19:50:52] product properties, product: dbva_integration_nb, null
[2022/11/09 19:50:52] product properties, product: dbva_integration_ij, null
[2022/11/09 19:50:52] product properties, product: dbvaec, null
[2022/11/09 19:50:52] product properties, product: dbvavs, null
[2022/11/09 19:50:52] product properties, product: dbvaij, null
[2022/11/09 19:50:52] product properties, product: dbvanb, null
[2022/11/09 19:50:52] product properties, product: sdeec, null
[2022/11/09 19:50:52] product properties, product: sdevs, null
[2022/11/09 19:50:52] product properties, product: sdeij, null
[2022/11/09 19:50:52] product properties, product: sdenb, null
[2022/11/09 19:50:52] product properties, product: lz, null
[2022/11/09 19:50:52] product properties, product: dbvasql, null
[2022/11/09 19:50:52] Product Installed File Config not found: Visual Paradigm 17.0, /home/shg/Visual_Paradigm_CE_17.0/bin/vp/vpinstalled.xml
[2022/11/09 19:50:52] Product Installed File Config not found: Visual Paradigm 17.0 Eclipse Integration, sde/vpproductmd5.xml
[2022/11/09 19:50:52] Product Installed File Config not found: Visual Paradigm 17.0 Visual Studio Integration, sde/vpproductmd5.xml
[2022/11/09 19:50:52] Product Installed File Config not found: Visual Paradigm 17.0 NetBeans Integration, bin/sde/vpproductmd5.xml
[2022/11/09 19:50:52] Product Installed File Config not found: Visual Paradigm 17.0 IntelliJ IDEA / Android Studio Integration, bin/sde/vpproductmd5.xml
[2022/11/09 19:50:52] Product Installed File Config not found: Agilian 17.0, bin/ag/aginstalled.xml
[2022/11/09 19:50:52] Product Installed File Config not found: DB Visual ARCHITECT 17.0, bin/dbva/dbvainstalled.xml
[2022/11/09 19:50:52] Product Installed File Config not found: DBVA 17.0 for Eclipse, sde/vpproductmd5.xml
[2022/11/09 19:50:52] Product Installed File Config not found: DBVA 17.0 for Visual Studio, dbva/vpproductmd5.xml
[2022/11/09 19:50:52] Product Installed File Config not found: DBVA 17.0 for IntelliJ IDEA / Android Studio, bin/sde/vpproductmd5.xml
[2022/11/09 19:50:52] Product Installed File Config not found: DBVA 17.0 for NetBeans, bin/sde/vpproductmd5.xml
[2022/11/09 19:50:52] Product Installed File Config not found: SDE 17.0 for Eclipse, sde/vpproductmd5.xml
[2022/11/09 19:50:52] Product Installed File Config not found: SDE 17.0 for Visual Studio, sde/vpproductmd5.xml
[2022/11/09 19:50:52] Product Installed File Config not found: SDE 17.0 for IntelliJ IDEA / Android Studio, bin/sde/vpproductmd5.xml
[2022/11/09 19:50:52] Product Installed File Config not found: SDE 17.0 for NetBeans, bin/sde/vpproductmd5.xml
[2022/11/09 19:50:52] Product Installed File Config not found: Logizian 17.0, bin/lz/lzinstalled.xml
[2022/11/09 19:50:52] Product Installed File Config not found: DB-VA SQL 2.0, bin/dbvasql/dbvasqlinstalled.xml
[2022/11/09 19:50:53] Update user.jar: 
	from: /home/shg/.config/VisualParadigm/tmp/platformupdate11374558648595487663_dir/lib/platforminstaller.jar
	to: /home/shg/Visual_Paradigm_CE_17.0/.install4j/user.jar
[2022/11/09 19:50:54] >>>> update: lib/lib01.jar
[2022/11/09 19:50:54] >>>> update: lib/vpplatform.jar
[2022/11/09 19:50:54] >>>> update: lib/vpserver.jar
[2022/11/09 19:50:54] >>>> update: ormlib/orm.jar
[2022/11/09 19:50:54] >>>> update: resources/VP_Server_Linux64.tar.gz
[2022/11/09 19:50:54] >>>> delete: scripts/CommitTeamworkProject.bat
[2022/11/09 19:50:54] Renew 
	/home/shg/Visual_Paradigm_CE_17.0/resources/next_vpproductinstallation.xml: true, true
	../resources/next_vpupdateinfo.xml: true, true
	Updates: 5, Deletes: 1
[2022/11/09 19:50:54] Shortcut Installed? vpumlce_uninstall, null
[2022/11/09 19:50:54] Shortcut Installed? vpumlce_uninstall|all-share, null
[2022/11/09 19:50:54] Shortcut Installed? vpumlce_uninstall|local-share, null
[2022/11/09 19:50:54] Shortcut Installed? vpumlce_uninstall|user-share, null
[2022/11/09 19:50:54] Shortcut Installed? vpuml_launcher, /home/shg/Visual_Paradigm_CE_17.0/.install4j/Visual_Paradigm_17.0.desktop
[2022/11/09 19:50:54] Shortcut Installed? vpuml_launcher|all-share, null
[2022/11/09 19:50:54] Shortcut Installed? vpuml_launcher|local-share, null
[2022/11/09 19:50:54] Shortcut Installed? vpuml_launcher|user-share, null
[2022/11/09 19:50:54] Shortcut Installed? vpuml_launcher, /home/shg/Visual_Paradigm_CE_17.0/.install4j/Visual_Paradigm_17.0.desktop
[2022/11/09 19:50:54] Shortcut Installed? vpuml_launcher|all-share, null
[2022/11/09 19:50:54] Shortcut Installed? vpuml_launcher|local-share, null
[2022/11/09 19:50:54] Shortcut Installed? vpuml_launcher|user-share, null
[2022/11/09 19:50:54] Shortcut Installed? vpumlec_launcher, /home/shg/Visual_Paradigm_CE_17.0/.install4j/Visual_Paradigm_for_Eclipse_17.0.desktop
[2022/11/09 19:50:54] Shortcut Installed? vpumlec_launcher|all-share, null
[2022/11/09 19:50:54] Shortcut Installed? vpumlec_launcher|local-share, null
[2022/11/09 19:50:54] Shortcut Installed? vpumlec_launcher|user-share, null
[2022/11/09 19:50:54] Shortcut Installed? vpumlec_launcher, /home/shg/Visual_Paradigm_CE_17.0/.install4j/Visual_Paradigm_for_Eclipse_17.0.desktop
[2022/11/09 19:50:54] Shortcut Installed? vpumlec_launcher|all-share, null
[2022/11/09 19:50:54] Shortcut Installed? vpumlec_launcher|local-share, null
[2022/11/09 19:50:54] Shortcut Installed? vpumlec_launcher|user-share, null
[2022/11/09 19:50:54] Shortcut Installed? vpumlnb_launcher, /home/shg/Visual_Paradigm_CE_17.0/.install4j/Visual_Paradigm_for_NetBeans_17.0.desktop
[2022/11/09 19:50:54] Shortcut Installed? vpumlnb_launcher|all-share, null
[2022/11/09 19:50:54] Shortcut Installed? vpumlnb_launcher|local-share, null
[2022/11/09 19:50:54] Shortcut Installed? vpumlnb_launcher|user-share, null
[2022/11/09 19:50:54] Shortcut Installed? vpumlnb_launcher, /home/shg/Visual_Paradigm_CE_17.0/.install4j/Visual_Paradigm_for_NetBeans_17.0.desktop
[2022/11/09 19:50:54] Shortcut Installed? vpumlnb_launcher|all-share, null
[2022/11/09 19:50:54] Shortcut Installed? vpumlnb_launcher|local-share, null
[2022/11/09 19:50:54] Shortcut Installed? vpumlnb_launcher|user-share, null
[2022/11/09 19:50:54] Shortcut Installed? vpumlij_launcher, /home/shg/Visual_Paradigm_CE_17.0/.install4j/Visual_Paradigm_for_IntelliJ_17.0.desktop
[2022/11/09 19:50:54] Shortcut Installed? vpumlij_launcher|all-share, null
[2022/11/09 19:50:54] Shortcut Installed? vpumlij_launcher|local-share, null
[2022/11/09 19:50:54] Shortcut Installed? vpumlij_launcher|user-share, null
[2022/11/09 19:50:54] Shortcut Installed? vpumlij_launcher, /home/shg/Visual_Paradigm_CE_17.0/.install4j/Visual_Paradigm_for_IntelliJ_17.0.desktop
[2022/11/09 19:50:54] Shortcut Installed? vpumlij_launcher|all-share, null
[2022/11/09 19:50:54] Shortcut Installed? vpumlij_launcher|local-share, null
[2022/11/09 19:50:54] Shortcut Installed? vpumlij_launcher|user-share, null
[2022/11/09 19:50:54] Shortcut Installed? vpupdate, /home/shg/Visual_Paradigm_CE_17.0/.install4j/Visual_Paradigm_Update_17.0.desktop
[2022/11/09 19:50:54] Shortcut Installed? vpupdate|all-share, null
[2022/11/09 19:50:54] Shortcut Installed? vpupdate|local-share, null
[2022/11/09 19:50:54] Shortcut Installed? vpupdate|user-share, null
[2022/11/09 19:50:54] Shortcut Installed? vpupdate, /home/shg/Visual_Paradigm_CE_17.0/.install4j/Visual_Paradigm_Update_17.0.desktop
[2022/11/09 19:50:54] Shortcut Installed? vpupdate|all-share, null
[2022/11/09 19:50:54] Shortcut Installed? vpupdate|local-share, null
[2022/11/09 19:50:54] Shortcut Installed? vpupdate|user-share, null
[2022/11/09 19:50:54] Shortcut Installed? product-selector, /home/shg/Visual_Paradigm_CE_17.0/.install4j/Visual_Paradigm_Product_Selector_17.0.desktop
[2022/11/09 19:50:54] Shortcut Installed? product-selector|all-share, null
[2022/11/09 19:50:54] Shortcut Installed? product-selector|local-share, null
[2022/11/09 19:50:54] Shortcut Installed? product-selector|user-share, null
[2022/11/09 19:50:54] Shortcut Installed? product-selector, /home/shg/Visual_Paradigm_CE_17.0/.install4j/Visual_Paradigm_Product_Selector_17.0.desktop
[2022/11/09 19:50:54] Shortcut Installed? product-selector|all-share, null
[2022/11/09 19:50:54] Shortcut Installed? product-selector|local-share, null
[2022/11/09 19:50:54] Shortcut Installed? product-selector|user-share, null
[2022/11/09 19:50:54] >>> read installed products: true, /home/shg/Visual_Paradigm_CE_17.0/resources/.product_installation.xml
[2022/11/09 19:50:54] loading installed product: /home/shg/Visual_Paradigm_CE_17.0, vp, 1
[2022/11/09 19:50:54] >>>>> product installed (shortcut) : vp
[2022/11/09 19:50:54] create linux shortcut: vp, null
[2022/11/09 19:50:54] >>> create Linux shortcut. source: false, ../Visual_Paradigm_17.0.desktop, vp, /home/shg/Desktop
[2022/11/09 19:50:54] create linux shortcut, but source not found: /home/shg/Visual_Paradigm_CE_17.0/bin/../Visual_Paradigm_17.0.desktop, Visual_Paradigm_17.0
[2022/11/09 19:50:56] === Java Execute =================
[2022/11/09 19:50:56] /home/shg/Visual_Paradigm_CE_17.0/jre/bin/java
[2022/11/09 19:50:56] -cp
[2022/11/09 19:50:56] /home/shg/Visual_Paradigm_CE_17.0/lib/platforminstaller.jar:
[2022/11/09 19:50:56] com.vp.platform.installer.ClearUpdateMain
[2022/11/09 19:50:56] /home/shg/.config/VisualParadigm/tmp/platformupdate11374558648595487663_dir
[2022/11/09 19:50:56] --------------------
[2022/11/09 19:50:56] /home/shg/Visual_Paradigm_CE_17.0/jre/bin/java -cp /home/shg/Visual_Paradigm_CE_17.0/lib/platforminstaller.jar: com.vp.platform.installer.ClearUpdateMain /home/shg/.config/VisualParadigm/tmp/platformupdate11374558648595487663_dir
[2022/11/09 19:50:56] --------------------
[2022/11/23 15:08:39] === update info ===
[2022/11/23 15:08:39]  platformUpdate: /home/shg/.config/VisualParadigm/tmp/platformupdate3460742505175202102_dir/lib/platforminstaller.jar
[2022/11/23 15:08:39]  updateIndex: 0
[2022/11/23 15:08:39]  process: true
[2022/11/23 15:08:39]  local server: false (patch: false)
[2022/11/23 15:08:39]  config: false
[2022/11/23 15:08:39]  quiet: false
[2022/11/23 15:08:39]  init: false (force: false, version: null)
[2022/11/23 15:08:39]  local: null
[2022/11/23 15:08:39]  server: null
[2022/11/23 15:08:39]  servers: null
[2022/11/23 15:08:39]  directory: null
[2022/11/23 15:08:39]  proxy.host: 
[2022/11/23 15:08:39]  proxy.port: 
[2022/11/23 15:08:39]  update from vp: false
[2022/11/23 15:08:39]  auto updating: true
[2022/11/23 15:08:39]  auto updating 2: false
[2022/11/23 15:08:39]  client build: 20221001
[2022/11/23 15:08:39]  request download key 12.0: null
[2022/11/23 15:08:39] === Internet Connection Links ====
[2022/11/23 15:08:39] servers: https://www.visual-paradigm.com/download/productupdate/vp.jsp
[2022/11/23 15:08:39] latest: https://www.visual-paradigm.com/download/latestinfo.jsp
[2022/11/23 15:08:39] documentation: https://www.visual-paradigm.com/installers/vpsuite17.0/
[2022/11/23 15:08:39] product name: Visual Paradigm
[2022/11/23 15:08:39] ----------------------------------
[2022/11/23 15:08:39] === Internet Connection Links ====
[2022/11/23 15:08:39] servers: https://www.visual-paradigm.com/download/productupdate/vp.jsp
[2022/11/23 15:08:39] latest: https://www.visual-paradigm.com/download/latestinfo.jsp
[2022/11/23 15:08:39] documentation: https://www.visual-paradigm.com/installers/vpsuite17.0/
[2022/11/23 15:08:39] product name: Visual Paradigm
[2022/11/23 15:08:39] ----------------------------------
[2022/11/23 15:08:39] <<< Update Process >>>
[2022/11/23 15:08:39] ----------------- Update Main (Auto) ---------------
[2022/11/23 15:08:39] >>> read installed products: true, /home/shg/Visual_Paradigm_CE_17.0/resources/.product_installation.xml
[2022/11/23 15:08:39] loading installed product: /home/shg/Visual_Paradigm_CE_17.0, vp, 1
[2022/11/23 15:08:39] ---------------------------------------------
[2022/11/23 15:08:39] Finding Server...
[2022/11/23 15:08:39] Selected Server: USA7, https://usa12.dl.visual-paradigm.com/visual-paradigm/vp17.0/20221123/Update
[2022/11/23 15:08:39] Trying connect server...
[2022/11/23 15:08:39] test connection..... true, https://usa12.dl.visual-paradigm.com/visual-paradigm/vp17.0/20221123/Update/resources/vpupdateinfo.xml
[2022/11/23 15:08:39] Auto Update Checking Update Program...
[2022/11/23 15:08:39] >>>>>>>>>>> GET UPDATE XML FROM SERVER: false, https://usa12.dl.visual-paradigm.com/visual-paradigm/vp17.0/20221123/Update
[2022/11/23 15:08:39] >>>>>>>>>>> GET UPDATE XML FROM SERVER 3: https://usa12.dl.visual-paradigm.com/visual-paradigm/vp17.0/20221123/Update/resources/vpupdateinfo.xml
[2022/11/23 15:08:40] >>>>>>>>>>> GET UPDATE XML FROM SERVER 4: true, sun.net.www.protocol.http.HttpURLConnection$HttpInputStream@56faf534
[2022/11/23 15:08:40] >>>>>>>>>>> GET UPDATE XML FROM SERVER 7: sun.net.www.protocol.http.HttpURLConnection$HttpInputStream@56faf534
[2022/11/23 15:08:40] >>>>>>>>>>> GET UPDATE XML FROM SERVER 8: /home/shg/.config/VisualParadigm/tmp/productupdatexml5602723988335155204.xml
[2022/11/23 15:08:40] >>>>>>>>>>> GET UPDATE XML FROM SERVER 9: /home/shg/.config/VisualParadigm/tmp/productupdatexml5602723988335155204.xml
[2022/11/23 15:08:40] Version --- https://usa12.dl.visual-paradigm.com/visual-paradigm/vp17.0/20221123/Update 
program: 
	20220602
	20220602
product: 
	vp
	vp
build: 
	20221001
	20221123
suite version: 
	17.0
	17.0
resume: 
	20221123
	null
[2022/11/23 15:08:40] Checking changes...
[2022/11/23 15:08:40] >>>>>>>>>>> GET UPDATE XML FROM SERVER: false, https://usa12.dl.visual-paradigm.com/visual-paradigm/vp17.0/20221123/Update
[2022/11/23 15:08:40] >>>>>>>>>>> GET UPDATE XML FROM SERVER 3: https://usa12.dl.visual-paradigm.com/visual-paradigm/vp17.0/20221123/Update/resources/vpproductinstallation.xml
[2022/11/23 15:08:40] >>>>>>>>>>> GET UPDATE XML FROM SERVER 4: true, sun.net.www.protocol.http.HttpURLConnection$HttpInputStream@10dba584
[2022/11/23 15:08:40] >>>>>>>>>>> GET UPDATE XML FROM SERVER 7: sun.net.www.protocol.http.HttpURLConnection$HttpInputStream@10dba584
[2022/11/23 15:08:40] >>>>>>>>>>> GET UPDATE XML FROM SERVER 8: /home/shg/.config/VisualParadigm/tmp/productupdatexml10455869699495504144.xml
[2022/11/23 15:08:41] >>>>>>>>>>> GET UPDATE XML FROM SERVER 9: /home/shg/.config/VisualParadigm/tmp/productupdatexml10455869699495504144.xml
[2022/11/23 15:08:41] >>>>>>>>>>> GET UPDATE XML FROM SERVER: false, https://usa12.dl.visual-paradigm.com/visual-paradigm/vp17.0/20221123/Update
[2022/11/23 15:08:41] >>>>>>>>>>> GET UPDATE XML FROM SERVER 3: https://usa12.dl.visual-paradigm.com/visual-paradigm/vp17.0/20221123/Update/resources/vpproductinstallation.xml
[2022/11/23 15:08:41] >>>>>>>>>>> GET UPDATE XML FROM SERVER 4: true, sun.net.www.protocol.http.HttpURLConnection$HttpInputStream@2b64d9ce
[2022/11/23 15:08:41] >>>>>>>>>>> GET UPDATE XML FROM SERVER 7: sun.net.www.protocol.http.HttpURLConnection$HttpInputStream@2b64d9ce
[2022/11/23 15:08:41] >>>>>>>>>>> GET UPDATE XML FROM SERVER 8: /home/shg/.config/VisualParadigm/tmp/productupdatexml12445694598860627355.xml
[2022/11/23 15:08:41] >>>>>>>>>>> GET UPDATE XML FROM SERVER 9: /home/shg/.config/VisualParadigm/tmp/productupdatexml12445694598860627355.xml
[2022/11/23 15:08:41] downloading...: 0 (0.tmp), https://usa12.dl.visual-paradigm.com/visual-paradigm/vp17.0/20221123/Update/lib/lib01.jar
[2022/11/23 15:09:13] 12% (1 of 8)
[2022/11/23 15:09:13] downloading...: 1 (1.tmp), https://usa12.dl.visual-paradigm.com/visual-paradigm/vp17.0/20221123/Update/lib/lib02.jar
[2022/11/23 15:09:22] downloading...: 2 (2.tmp), https://usa12.dl.visual-paradigm.com/visual-paradigm/vp17.0/20221123/Update/lib/vpplatform.jar
[2022/11/23 15:09:29] 37% (3 of 8)
[2022/11/23 15:09:29] downloading...: 3 (3.tmp), https://usa12.dl.visual-paradigm.com/visual-paradigm/vp17.0/20221123/Update/lib/vpserver.jar
[2022/11/23 15:09:30] downloading...: 4 (4.tmp), https://usa12.dl.visual-paradigm.com/visual-paradigm/vp17.0/20221123/Update/lib/vpserverres.jar
[2022/11/23 15:09:31] downloading...: 5 (5.tmp), https://usa12.dl.visual-paradigm.com/visual-paradigm/vp17.0/20221123/Update/ormlib/orm.jar
[2022/11/23 15:09:32] downloading...: 6 (6.tmp), https://usa12.dl.visual-paradigm.com/visual-paradigm/vp17.0/20221123/Update/resources/DocComposerTemplateSchema.xsd
[2022/11/23 15:09:32] downloading...: 7 (7.tmp), https://usa12.dl.visual-paradigm.com/visual-paradigm/vp17.0/20221123/Update/resources/VP_Server_Linux64.tar.gz
[2022/11/23 15:10:02] Downloading files... finished
[2022/11/23 15:10:02] updating...
[2022/11/23 15:10:02] >>>> Auto Update Dir: /home/shg/Visual_Paradigm_CE_17.0/bin/../autoupdate
[2022/11/23 20:16:14] === update info ===
[2022/11/23 20:16:14]  platformUpdate: /home/shg/.config/VisualParadigm/tmp/platformupdate11765562548284622757_dir/lib/platforminstaller.jar
[2022/11/23 20:16:14]  updateIndex: 0
[2022/11/23 20:16:14]  process: true
[2022/11/23 20:16:14]  local server: false (patch: false)
[2022/11/23 20:16:14]  config: false
[2022/11/23 20:16:14]  quiet: false
[2022/11/23 20:16:14]  init: false (force: false, version: null)
[2022/11/23 20:16:14]  local: null
[2022/11/23 20:16:14]  server: null
[2022/11/23 20:16:14]  servers: null
[2022/11/23 20:16:14]  directory: null
[2022/11/23 20:16:14]  proxy.host: 
[2022/11/23 20:16:14]  proxy.port: 
[2022/11/23 20:16:14]  update from vp: false
[2022/11/23 20:16:14]  auto updating: true
[2022/11/23 20:16:14]  auto updating 2: true
[2022/11/23 20:16:14]  client build: 20221001
[2022/11/23 20:16:14]  request download key 12.0: null
[2022/11/23 20:16:14] === Internet Connection Links ====
[2022/11/23 20:16:14] servers: https://www.visual-paradigm.com/download/productupdate/vp.jsp
[2022/11/23 20:16:14] latest: https://www.visual-paradigm.com/download/latestinfo.jsp
[2022/11/23 20:16:14] documentation: https://www.visual-paradigm.com/installers/vpsuite17.0/
[2022/11/23 20:16:14] product name: Visual Paradigm
[2022/11/23 20:16:14] ----------------------------------
[2022/11/23 20:16:14] === Internet Connection Links ====
[2022/11/23 20:16:14] servers: https://www.visual-paradigm.com/download/productupdate/vp.jsp
[2022/11/23 20:16:14] latest: https://www.visual-paradigm.com/download/latestinfo.jsp
[2022/11/23 20:16:14] documentation: https://www.visual-paradigm.com/installers/vpsuite17.0/
[2022/11/23 20:16:14] product name: Visual Paradigm
[2022/11/23 20:16:14] ----------------------------------
[2022/11/23 20:16:14] <<< Update Process >>>
[2022/11/23 20:16:14] Java 9 UI scale factor: 1.0
[2022/11/23 20:16:14] Scale Factor: 1.0
[2022/11/23 20:16:14] >>> read installed products: true, /home/shg/Visual_Paradigm_CE_17.0/resources/.product_installation.xml
[2022/11/23 20:16:14] loading installed product: /home/shg/Visual_Paradigm_CE_17.0, vp, 1
[2022/11/23 20:16:14] loadProductsInstallation: p.m.b@42a48628
[2022/11/23 20:16:14] > vp, /home/shg/Visual_Paradigm_CE_17.0
[2022/11/23 20:16:14] x bin/dbvasql
[2022/11/23 20:16:14] x resources/dbvasql
[2022/11/23 20:16:14] x bin/bpva
[2022/11/23 20:16:14] x bin/dbva
[2022/11/23 20:16:14] x resources/dbva
[2022/11/23 20:16:14] x bin/ag
[2022/11/23 20:16:14] x bin/sde
[2022/11/23 20:16:14] x sde
[2022/11/23 20:16:14] x resources/ag
[2022/11/23 20:16:14] x resources/bpva
[2022/11/23 20:16:14] x resources/lz
[2022/11/23 20:16:14] x bin/vpuml
[2022/11/23 20:16:14] x resources/vpuml
[2022/11/23 20:16:14] x resources/vp
[2022/11/23 20:16:14] product properties, product: vp, p.m.a@74f0ea28
[2022/11/23 20:16:14] >>>>>> productInstallation.r_setProductProperty: /home/shg/Visual_Paradigm_CE_17.0, true
[2022/11/23 20:16:14] ----------------- Update Main (GUI) ---------------
[2022/11/23 20:16:14]  - selected - vp
[2022/11/23 20:16:14] ---------------------------------------------
[2022/11/23 20:16:27] >>> read installed products: true, /home/shg/Visual_Paradigm_CE_17.0/resources/.product_installation.xml
[2022/11/23 20:16:27] loading installed product: /home/shg/Visual_Paradigm_CE_17.0, vp, 1
[2022/11/23 20:16:27] loadProductsInstallation: p.m.b@3986ae3f
[2022/11/23 20:16:27] > vp, /home/shg/Visual_Paradigm_CE_17.0
[2022/11/23 20:16:27] x bin/dbvasql
[2022/11/23 20:16:27] x resources/dbvasql
[2022/11/23 20:16:27] x bin/bpva
[2022/11/23 20:16:27] x bin/dbva
[2022/11/23 20:16:27] x resources/dbva
[2022/11/23 20:16:27] x bin/ag
[2022/11/23 20:16:27] x bin/sde
[2022/11/23 20:16:27] x sde
[2022/11/23 20:16:27] x resources/ag
[2022/11/23 20:16:27] x resources/bpva
[2022/11/23 20:16:27] x resources/lz
[2022/11/23 20:16:27] x bin/vpuml
[2022/11/23 20:16:27] x resources/vpuml
[2022/11/23 20:16:27] x resources/vp
[2022/11/23 20:16:27] product properties, product: vp_integration_ec, null
[2022/11/23 20:16:27] product properties, product: vp_integration_vs, null
[2022/11/23 20:16:27] start check VS ...2010/2012/2013/2015/2017/2019...
[2022/11/23 20:16:27] Visual Studio does not support on this OS
[2022/11/23 20:16:27] product properties, product: vp_integration_nb, null
[2022/11/23 20:16:27] product properties, product: vp_integration_ij, null
[2022/11/23 20:16:27] product properties, product: ag, null
[2022/11/23 20:16:27] product properties, product: dbva, null
[2022/11/23 20:16:27] product properties, product: dbva_integration_ec, null
[2022/11/23 20:16:27] product properties, product: dbva_integration_nb, null
[2022/11/23 20:16:27] product properties, product: dbva_integration_ij, null
[2022/11/23 20:16:27] product properties, product: dbvaec, null
[2022/11/23 20:16:27] product properties, product: dbvavs, null
[2022/11/23 20:16:27] product properties, product: dbvaij, null
[2022/11/23 20:16:27] product properties, product: dbvanb, null
[2022/11/23 20:16:27] product properties, product: sdeec, null
[2022/11/23 20:16:27] product properties, product: sdevs, null
[2022/11/23 20:16:27] product properties, product: sdeij, null
[2022/11/23 20:16:27] product properties, product: sdenb, null
[2022/11/23 20:16:27] product properties, product: lz, null
[2022/11/23 20:16:27] product properties, product: dbvasql, null
[2022/11/23 20:16:27] Product Installed File Config not found: Visual Paradigm 17.0, /home/shg/Visual_Paradigm_CE_17.0/bin/vp/vpinstalled.xml
[2022/11/23 20:16:27] Product Installed File Config not found: Visual Paradigm 17.0 Eclipse Integration, sde/vpproductmd5.xml
[2022/11/23 20:16:27] Product Installed File Config not found: Visual Paradigm 17.0 Visual Studio Integration, sde/vpproductmd5.xml
[2022/11/23 20:16:27] Product Installed File Config not found: Visual Paradigm 17.0 NetBeans Integration, bin/sde/vpproductmd5.xml
[2022/11/23 20:16:27] Product Installed File Config not found: Visual Paradigm 17.0 IntelliJ IDEA / Android Studio Integration, bin/sde/vpproductmd5.xml
[2022/11/23 20:16:27] Product Installed File Config not found: Agilian 17.0, bin/ag/aginstalled.xml
[2022/11/23 20:16:27] Product Installed File Config not found: DB Visual ARCHITECT 17.0, bin/dbva/dbvainstalled.xml
[2022/11/23 20:16:27] Product Installed File Config not found: DBVA 17.0 for Eclipse, sde/vpproductmd5.xml
[2022/11/23 20:16:27] Product Installed File Config not found: DBVA 17.0 for Visual Studio, dbva/vpproductmd5.xml
[2022/11/23 20:16:27] Product Installed File Config not found: DBVA 17.0 for IntelliJ IDEA / Android Studio, bin/sde/vpproductmd5.xml
[2022/11/23 20:16:27] Product Installed File Config not found: DBVA 17.0 for NetBeans, bin/sde/vpproductmd5.xml
[2022/11/23 20:16:27] Product Installed File Config not found: SDE 17.0 for Eclipse, sde/vpproductmd5.xml
[2022/11/23 20:16:27] Product Installed File Config not found: SDE 17.0 for Visual Studio, sde/vpproductmd5.xml
[2022/11/23 20:16:27] Product Installed File Config not found: SDE 17.0 for IntelliJ IDEA / Android Studio, bin/sde/vpproductmd5.xml
[2022/11/23 20:16:27] Product Installed File Config not found: SDE 17.0 for NetBeans, bin/sde/vpproductmd5.xml
[2022/11/23 20:16:27] Product Installed File Config not found: Logizian 17.0, bin/lz/lzinstalled.xml
[2022/11/23 20:16:27] Product Installed File Config not found: DB-VA SQL 2.0, bin/dbvasql/dbvasqlinstalled.xml
[2022/11/23 20:16:27] >>>> update: lib/lib01.jar
[2022/11/23 20:16:27] >>>> update: lib/lib02.jar
[2022/11/23 20:16:27] >>>> update: lib/vpplatform.jar
[2022/11/23 20:16:27] >>>> update: lib/vpserver.jar
[2022/11/23 20:16:27] >>>> update: lib/vpserverres.jar
[2022/11/23 20:16:27] >>>> update: ormlib/orm.jar
[2022/11/23 20:16:27] >>>> update: resources/DocComposerTemplateSchema.xsd
[2022/11/23 20:16:27] >>>> update: resources/VP_Server_Linux64.tar.gz
[2022/11/23 20:16:27] Renew 
	/home/shg/Visual_Paradigm_CE_17.0/resources/next_vpproductinstallation.xml: true, true
	../resources/next_vpupdateinfo.xml: true, true
	Updates: 8, Deletes: 0
[2022/11/23 20:16:27] Shortcut Installed? vpumlce_uninstall, null
[2022/11/23 20:16:27] Shortcut Installed? vpumlce_uninstall|all-share, null
[2022/11/23 20:16:27] Shortcut Installed? vpumlce_uninstall|local-share, null
[2022/11/23 20:16:27] Shortcut Installed? vpumlce_uninstall|user-share, null
[2022/11/23 20:16:27] Shortcut Installed? vpuml_launcher, /home/shg/Visual_Paradigm_CE_17.0/.install4j/Visual_Paradigm_17.0.desktop
[2022/11/23 20:16:27] Shortcut Installed? vpuml_launcher|all-share, null
[2022/11/23 20:16:27] Shortcut Installed? vpuml_launcher|local-share, null
[2022/11/23 20:16:27] Shortcut Installed? vpuml_launcher|user-share, null
[2022/11/23 20:16:27] Shortcut Installed? vpuml_launcher, /home/shg/Visual_Paradigm_CE_17.0/.install4j/Visual_Paradigm_17.0.desktop
[2022/11/23 20:16:27] Shortcut Installed? vpuml_launcher|all-share, null
[2022/11/23 20:16:27] Shortcut Installed? vpuml_launcher|local-share, null
[2022/11/23 20:16:27] Shortcut Installed? vpuml_launcher|user-share, null
[2022/11/23 20:16:27] Shortcut Installed? vpumlec_launcher, /home/shg/Visual_Paradigm_CE_17.0/.install4j/Visual_Paradigm_for_Eclipse_17.0.desktop
[2022/11/23 20:16:27] Shortcut Installed? vpumlec_launcher|all-share, null
[2022/11/23 20:16:27] Shortcut Installed? vpumlec_launcher|local-share, null
[2022/11/23 20:16:27] Shortcut Installed? vpumlec_launcher|user-share, null
[2022/11/23 20:16:27] Shortcut Installed? vpumlec_launcher, /home/shg/Visual_Paradigm_CE_17.0/.install4j/Visual_Paradigm_for_Eclipse_17.0.desktop
[2022/11/23 20:16:27] Shortcut Installed? vpumlec_launcher|all-share, null
[2022/11/23 20:16:27] Shortcut Installed? vpumlec_launcher|local-share, null
[2022/11/23 20:16:27] Shortcut Installed? vpumlec_launcher|user-share, null
[2022/11/23 20:16:27] Shortcut Installed? vpumlnb_launcher, /home/shg/Visual_Paradigm_CE_17.0/.install4j/Visual_Paradigm_for_NetBeans_17.0.desktop
[2022/11/23 20:16:27] Shortcut Installed? vpumlnb_launcher|all-share, null
[2022/11/23 20:16:27] Shortcut Installed? vpumlnb_launcher|local-share, null
[2022/11/23 20:16:27] Shortcut Installed? vpumlnb_launcher|user-share, null
[2022/11/23 20:16:27] Shortcut Installed? vpumlnb_launcher, /home/shg/Visual_Paradigm_CE_17.0/.install4j/Visual_Paradigm_for_NetBeans_17.0.desktop
[2022/11/23 20:16:27] Shortcut Installed? vpumlnb_launcher|all-share, null
[2022/11/23 20:16:27] Shortcut Installed? vpumlnb_launcher|local-share, null
[2022/11/23 20:16:27] Shortcut Installed? vpumlnb_launcher|user-share, null
[2022/11/23 20:16:27] Shortcut Installed? vpumlij_launcher, /home/shg/Visual_Paradigm_CE_17.0/.install4j/Visual_Paradigm_for_IntelliJ_17.0.desktop
[2022/11/23 20:16:27] Shortcut Installed? vpumlij_launcher|all-share, null
[2022/11/23 20:16:27] Shortcut Installed? vpumlij_launcher|local-share, null
[2022/11/23 20:16:27] Shortcut Installed? vpumlij_launcher|user-share, null
[2022/11/23 20:16:27] Shortcut Installed? vpumlij_launcher, /home/shg/Visual_Paradigm_CE_17.0/.install4j/Visual_Paradigm_for_IntelliJ_17.0.desktop
[2022/11/23 20:16:27] Shortcut Installed? vpumlij_launcher|all-share, null
[2022/11/23 20:16:27] Shortcut Installed? vpumlij_launcher|local-share, null
[2022/11/23 20:16:27] Shortcut Installed? vpumlij_launcher|user-share, null
[2022/11/23 20:16:27] Shortcut Installed? vpupdate, /home/shg/Visual_Paradigm_CE_17.0/.install4j/Visual_Paradigm_Update_17.0.desktop
[2022/11/23 20:16:27] Shortcut Installed? vpupdate|all-share, null
[2022/11/23 20:16:27] Shortcut Installed? vpupdate|local-share, null
[2022/11/23 20:16:27] Shortcut Installed? vpupdate|user-share, null
[2022/11/23 20:16:27] Shortcut Installed? vpupdate, /home/shg/Visual_Paradigm_CE_17.0/.install4j/Visual_Paradigm_Update_17.0.desktop
[2022/11/23 20:16:27] Shortcut Installed? vpupdate|all-share, null
[2022/11/23 20:16:27] Shortcut Installed? vpupdate|local-share, null
[2022/11/23 20:16:27] Shortcut Installed? vpupdate|user-share, null
[2022/11/23 20:16:27] Shortcut Installed? product-selector, /home/shg/Visual_Paradigm_CE_17.0/.install4j/Visual_Paradigm_Product_Selector_17.0.desktop
[2022/11/23 20:16:27] Shortcut Installed? product-selector|all-share, null
[2022/11/23 20:16:27] Shortcut Installed? product-selector|local-share, null
[2022/11/23 20:16:27] Shortcut Installed? product-selector|user-share, null
[2022/11/23 20:16:27] Shortcut Installed? product-selector, /home/shg/Visual_Paradigm_CE_17.0/.install4j/Visual_Paradigm_Product_Selector_17.0.desktop
[2022/11/23 20:16:27] Shortcut Installed? product-selector|all-share, null
[2022/11/23 20:16:27] Shortcut Installed? product-selector|local-share, null
[2022/11/23 20:16:27] Shortcut Installed? product-selector|user-share, null
[2022/11/23 20:16:27] >>> read installed products: true, /home/shg/Visual_Paradigm_CE_17.0/resources/.product_installation.xml
[2022/11/23 20:16:27] loading installed product: /home/shg/Visual_Paradigm_CE_17.0, vp, 1
[2022/11/23 20:16:27] >>>>> product installed (shortcut) : vp
[2022/11/23 20:16:27] create linux shortcut: vp, null
[2022/11/23 20:16:27] >>> create Linux shortcut. source: false, ../Visual_Paradigm_17.0.desktop, vp, /home/shg/Desktop
[2022/11/23 20:16:27] create linux shortcut, but source not found: /home/shg/Visual_Paradigm_CE_17.0/bin/../Visual_Paradigm_17.0.desktop, Visual_Paradigm_17.0
[2022/11/23 20:16:29] === Java Execute =================
[2022/11/23 20:16:29] /home/shg/Visual_Paradigm_CE_17.0/jre/bin/java
[2022/11/23 20:16:29] -cp
[2022/11/23 20:16:29] /home/shg/Visual_Paradigm_CE_17.0/lib/platforminstaller.jar:
[2022/11/23 20:16:29] com.vp.platform.installer.ClearUpdateMain
[2022/11/23 20:16:29] /home/shg/.config/VisualParadigm/tmp/platformupdate11765562548284622757_dir
[2022/11/23 20:16:29] --------------------
[2022/11/23 20:16:29] /home/shg/Visual_Paradigm_CE_17.0/jre/bin/java -cp /home/shg/Visual_Paradigm_CE_17.0/lib/platforminstaller.jar: com.vp.platform.installer.ClearUpdateMain /home/shg/.config/VisualParadigm/tmp/platformupdate11765562548284622757_dir
[2022/11/23 20:16:29] --------------------
