00:00:00.002181 VirtualBox DHCP Server 6.1.40 r154048 linux.amd64 (Oct 11 2022 15:15:28) release log
00:00:00.002183 Log opened 2022-10-29T02:03:45.750151000Z
00:00:00.002184 Build Type: release
00:00:00.002186 OS Product: Linux
00:00:00.002188 OS Release: 5.19.16-76051916-generic
00:00:00.002189 OS Version: #202210150742~1666053244~22.04~cf07008 SMP PREEMPT_DYNAMIC Tue O
00:00:00.002211 DMI Product Name: TP410UAR
00:00:00.002221 DMI Product Version: 1.0       
00:00:00.002226 Firmware type: UEFI
00:00:00.003084 Secure Boot: Disabled
00:00:00.003142 Host RAM: 11851MB (11.5GB) total, 9105MB (8.8GB) available
00:00:00.003145 Executable: /usr/lib/virtualbox/VBoxNetDHCP
00:00:00.003145 Process ID: 236818
00:00:00.003146 Package type: LINUX_64BITS_UBUNTU_22_04
00:00:00.003172 --config:  HostInterfaceNetworking-vboxnet1
00:00:00.003176 --comment: HostInterfaceNetworking-vboxnet1
00:00:00.003318 IP address:   192.168.57.2/24
00:00:00.003325 Address pool: 192.168.57.3 - 192.168.57.254
00:00:00.003351 MAC address is not specified: will use generated MAC 08:00:27:06:8a:77
00:00:00.003358 Db::i_enterFixedAddressAssignment: 08:00:27:06:8a:77: 192.168.57.2
00:00:00.003364 loading leases from /home/shg/.config/VirtualBox/HostInterfaceNetworking-vboxnet1-Dhcpd.leases
00:00:00.006754 Runtime error opening '/home/shg/.config/VirtualBox/HostInterfaceNetworking-vboxnet1-Dhcpd.leases' for reading: -102 (File not found.)
