00:00:00.616096 VirtualBox GUI VM Selector Window 7.0.2 r154219 linux.amd64 (Oct 19 2022 20:58:57) release log
00:00:00.616097 Log opened 2022-12-02T21:35:44.122756000Z
00:00:00.616098 Build Type: release
00:00:00.616105 OS Product: Linux
00:00:00.616106 OS Release: 6.0.6-76060006-generic
00:00:00.616106 OS Version: #202210290932~1669062050~22.04~d94609a SMP PREEMPT_DYNAMIC Mon N
00:00:00.616138 DMI Product Name: TP410UAR
00:00:00.616146 DMI Product Version: 1.0       
00:00:00.616153 Firmware type: UEFI
00:00:00.616921 Secure Boot: Disabled
00:00:00.616980 Host RAM: 11851MB (11.5GB) total, 9692MB (9.4GB) available
00:00:00.616985 Executable: /usr/lib/virtualbox/VirtualBox
00:00:00.616986 Process ID: 197326
00:00:00.616986 Package type: LINUX_64BITS_UBUNTU_22_04
00:00:00.617528 Qt version: 5.15.3
00:00:00.619949 GUI: UIMediumEnumerator: Initial medium-enumeration finished!
00:00:00.653717 GUI: UIMediumEnumerator: Medium-enumeration started...
00:00:00.653743 GUI: UIMediumEnumerator: Medium-enumeration finished!
00:00:01.464297 GUI: UIDesktopWidgetWatchdog::sltHandleHostScreenAvailableGeometryCalculated: Screen 0 work area is actually resized to: 1000x30 x 915x1045
00:00:19.477085 GUI: UICommon: Handling aboutToQuit request..
00:00:20.066863 GUI: UICommon: aboutToQuit request handled!
