00:00:00.002276 main     VirtualBox XPCOM Server 7.0.2 r154219 linux.amd64 (Oct 19 2022 20:58:57) release log
00:00:00.002280 main     Log opened 2022-12-02T21:35:43.867298000Z
00:00:00.002281 main     Build Type: release
00:00:00.002284 main     OS Product: Linux
00:00:00.002285 main     OS Release: 6.0.6-76060006-generic
00:00:00.002286 main     OS Version: #202210290932~1669062050~22.04~d94609a SMP PREEMPT_DYNAMIC Mon N
00:00:00.002308 main     DMI Product Name: TP410UAR
00:00:00.002315 main     DMI Product Version: 1.0       
00:00:00.002321 main     Firmware type: UEFI
00:00:00.003219 main     Secure Boot: Disabled
00:00:00.003264 main     Host RAM: 11851MB (11.5GB) total, 9702MB (9.4GB) available
00:00:00.003267 main     Executable: /usr/lib/virtualbox/VBoxSVC
00:00:00.003267 main     Process ID: 197371
00:00:00.003268 main     Package type: LINUX_64BITS_UBUNTU_22_04
00:00:00.004415 main     IPC socket path: /tmp/.vbox-shg-ipc/ipcd
00:00:00.116161 nspr-2   VirtualBox: object creation starts
00:00:00.119297 nspr-2   Home directory: '/home/shg/.config/VirtualBox'
00:00:00.120367 nspr-2   Loading settings file "/home/shg/.config/VirtualBox/VirtualBox.xml" with version "1.12-linux"
00:00:00.135465 nspr-2   NetIfAdpCtlOut: VBoxNetAdpCtl: Error while retrieving link speed for wlp2s0: VBoxNetAdpCtl: ioctl failed: Operation not supported
00:00:00.137474 nspr-2   HostDnsMonitor: initializing
00:00:00.137828 nspr-2   NAT: resolv.conf: nameserver 127.0.0.53
00:00:00.137839 nspr-2   NAT: resolv.conf: ignoring "options edns0 trust-ad"
00:00:00.137850 nspr-2   HostDnsMonitor: updating information
00:00:00.137864 nspr-2   HostDnsMonitor: old information
00:00:00.137868 nspr-2     no server entries
00:00:00.137871 nspr-2     no domain set
00:00:00.137874 nspr-2     no search string entries
00:00:00.137877 nspr-2   HostDnsMonitor: new information
00:00:00.137880 nspr-2     server 1: 127.0.0.53
00:00:00.137884 nspr-2     domain: .
00:00:00.137887 nspr-2     search string 1: .
00:00:00.194897 nspr-2   VD: VDInit finished with VINF_SUCCESS
00:00:00.207317 nspr-2   ERROR [COM]: aRC=NS_ERROR_FAILURE (0x80004005) aIID={300763af-5d6b-46e6-aa96-273eac15538a} aComponent={MachineWrap} aText={Runtime error opening '/home/shg/VirtualBox VMs/GNS3 VM/GNS3 VM.vbox' for reading VERR_FILE_NOT_FOUND (File not found.).
00:00:00.207334 nspr-2   /home/vbox/tinderbox/build-trunk/svn/src/VBox/Main/src-server/MachineImpl.cpp[1025] (nsresult Machine::i_registeredInit())}, preserve=false aResultDetail=0
00:00:00.208421 nspr-2   ERROR [COM]: aRC=NS_ERROR_FAILURE (0x80004005) aIID={300763af-5d6b-46e6-aa96-273eac15538a} aComponent={MachineWrap} aText={Runtime error opening '/home/shg/VirtualBox VMs/IE8 - Win7/IE8 - Win7.vbox' for reading VERR_FILE_NOT_FOUND (File not found.).
00:00:00.208427 nspr-2   /home/vbox/tinderbox/build-trunk/svn/src/VBox/Main/src-server/MachineImpl.cpp[1025] (nsresult Machine::i_registeredInit())}, preserve=false aResultDetail=0
00:00:00.208695 nspr-2   ERROR [COM]: aRC=NS_ERROR_FAILURE (0x80004005) aIID={300763af-5d6b-46e6-aa96-273eac15538a} aComponent={MachineWrap} aText={Runtime error opening '/home/shg/VirtualBox VMs/MSEdge - Win10/MSEdge - Win10.vbox' for reading VERR_FILE_NOT_FOUND (File not found.).
00:00:00.208698 nspr-2   /home/vbox/tinderbox/build-trunk/svn/src/VBox/Main/src-server/MachineImpl.cpp[1025] (nsresult Machine::i_registeredInit())}, preserve=false aResultDetail=0
00:00:00.209072 nspr-2   VirtualBox: object created
00:00:00.267956 nspr-4   Saving settings file "/home/shg/.config/VirtualBox/VirtualBox.xml" with version "1.12-linux"
00:00:00.275662 nspr-4   Finished saving settings file "/home/shg/.config/VirtualBox/VirtualBox.xml"
00:00:00.276047 nspr-4   Saving settings file "/home/shg/.config/VirtualBox/VirtualBox.xml" with version "1.12-linux"
00:00:00.282093 nspr-4   Finished saving settings file "/home/shg/.config/VirtualBox/VirtualBox.xml"
00:00:00.282493 nspr-4   Saving settings file "/home/shg/.config/VirtualBox/VirtualBox.xml" with version "1.12-linux"
00:00:00.288970 nspr-4   Finished saving settings file "/home/shg/.config/VirtualBox/VirtualBox.xml"
00:00:00.956700 nspr-3   ERROR [COM]: aRC=NS_ERROR_FAILURE (0x80004005) aIID={300763af-5d6b-46e6-aa96-273eac15538a} aComponent={MachineWrap} aText={Runtime error opening '/home/shg/VirtualBox VMs/GNS3 VM/GNS3 VM.vbox' for reading VERR_FILE_NOT_FOUND (File not found.).
00:00:00.956706 nspr-3   /home/vbox/tinderbox/build-trunk/svn/src/VBox/Main/src-server/MachineImpl.cpp[1025] (nsresult Machine::i_registeredInit())}, preserve=false aResultDetail=0
00:00:00.957479 nspr-3   ERROR [COM]: aRC=NS_ERROR_FAILURE (0x80004005) aIID={300763af-5d6b-46e6-aa96-273eac15538a} aComponent={MachineWrap} aText={Runtime error opening '/home/shg/VirtualBox VMs/GNS3 VM/GNS3 VM.vbox' for reading VERR_FILE_NOT_FOUND (File not found.).
00:00:00.957482 nspr-3   /home/vbox/tinderbox/build-trunk/svn/src/VBox/Main/src-server/MachineImpl.cpp[1025] (nsresult Machine::i_registeredInit())}, preserve=false aResultDetail=0
00:00:00.958209 nspr-3   ERROR [COM]: aRC=NS_ERROR_FAILURE (0x80004005) aIID={300763af-5d6b-46e6-aa96-273eac15538a} aComponent={MachineWrap} aText={Runtime error opening '/home/shg/VirtualBox VMs/GNS3 VM/GNS3 VM.vbox' for reading VERR_FILE_NOT_FOUND (File not found.).
00:00:00.958212 nspr-3   /home/vbox/tinderbox/build-trunk/svn/src/VBox/Main/src-server/MachineImpl.cpp[1025] (nsresult Machine::i_registeredInit())}, preserve=false aResultDetail=0
00:00:00.961493 nspr-3   ERROR [COM]: aRC=NS_ERROR_FAILURE (0x80004005) aIID={300763af-5d6b-46e6-aa96-273eac15538a} aComponent={MachineWrap} aText={Runtime error opening '/home/shg/VirtualBox VMs/IE8 - Win7/IE8 - Win7.vbox' for reading VERR_FILE_NOT_FOUND (File not found.).
00:00:00.961498 nspr-3   /home/vbox/tinderbox/build-trunk/svn/src/VBox/Main/src-server/MachineImpl.cpp[1025] (nsresult Machine::i_registeredInit())}, preserve=false aResultDetail=0
00:00:00.961943 nspr-3   ERROR [COM]: aRC=NS_ERROR_FAILURE (0x80004005) aIID={300763af-5d6b-46e6-aa96-273eac15538a} aComponent={MachineWrap} aText={Runtime error opening '/home/shg/VirtualBox VMs/IE8 - Win7/IE8 - Win7.vbox' for reading VERR_FILE_NOT_FOUND (File not found.).
00:00:00.961947 nspr-3   /home/vbox/tinderbox/build-trunk/svn/src/VBox/Main/src-server/MachineImpl.cpp[1025] (nsresult Machine::i_registeredInit())}, preserve=false aResultDetail=0
00:00:00.962667 nspr-3   ERROR [COM]: aRC=NS_ERROR_FAILURE (0x80004005) aIID={300763af-5d6b-46e6-aa96-273eac15538a} aComponent={MachineWrap} aText={Runtime error opening '/home/shg/VirtualBox VMs/IE8 - Win7/IE8 - Win7.vbox' for reading VERR_FILE_NOT_FOUND (File not found.).
00:00:00.962673 nspr-3   /home/vbox/tinderbox/build-trunk/svn/src/VBox/Main/src-server/MachineImpl.cpp[1025] (nsresult Machine::i_registeredInit())}, preserve=false aResultDetail=0
00:00:00.964045 nspr-3   ERROR [COM]: aRC=NS_ERROR_FAILURE (0x80004005) aIID={300763af-5d6b-46e6-aa96-273eac15538a} aComponent={MachineWrap} aText={Runtime error opening '/home/shg/VirtualBox VMs/MSEdge - Win10/MSEdge - Win10.vbox' for reading VERR_FILE_NOT_FOUND (File not found.).
00:00:00.964050 nspr-3   /home/vbox/tinderbox/build-trunk/svn/src/VBox/Main/src-server/MachineImpl.cpp[1025] (nsresult Machine::i_registeredInit())}, preserve=false aResultDetail=0
00:00:00.964444 nspr-3   ERROR [COM]: aRC=NS_ERROR_FAILURE (0x80004005) aIID={300763af-5d6b-46e6-aa96-273eac15538a} aComponent={MachineWrap} aText={Runtime error opening '/home/shg/VirtualBox VMs/MSEdge - Win10/MSEdge - Win10.vbox' for reading VERR_FILE_NOT_FOUND (File not found.).
00:00:00.964448 nspr-3   /home/vbox/tinderbox/build-trunk/svn/src/VBox/Main/src-server/MachineImpl.cpp[1025] (nsresult Machine::i_registeredInit())}, preserve=false aResultDetail=0
00:00:00.965519 nspr-3   ERROR [COM]: aRC=NS_ERROR_FAILURE (0x80004005) aIID={300763af-5d6b-46e6-aa96-273eac15538a} aComponent={MachineWrap} aText={Runtime error opening '/home/shg/VirtualBox VMs/MSEdge - Win10/MSEdge - Win10.vbox' for reading VERR_FILE_NOT_FOUND (File not found.).
00:00:00.965523 nspr-3   /home/vbox/tinderbox/build-trunk/svn/src/VBox/Main/src-server/MachineImpl.cpp[1025] (nsresult Machine::i_registeredInit())}, preserve=false aResultDetail=0
00:00:01.147990 nspr-3   ERROR [COM]: aRC=E_ACCESSDENIED (0x80070005) aIID={300763af-5d6b-46e6-aa96-273eac15538a} aComponent={MachineWrap} aText={The object functionality is limited}, preserve=false aResultDetail=0
00:00:01.149455 nspr-3   WARNING [COM]: aRC=NS_ERROR_FAILURE (0x80004005) aIID={e54f6256-97a7-4947-8a78-10c013ddf4b8} aComponent={HostWrap} aText={VirtualBox is not currently allowed to access USB devices.  You can change this by adding your user to the 'vboxusers' group.  Please see the user manual for a more detailed explanation}, preserve=false aResultDetail=0
00:00:01.199716 nspr-3   ERROR [COM]: aRC=NS_ERROR_FAILURE (0x80004005) aIID={300763af-5d6b-46e6-aa96-273eac15538a} aComponent={MachineWrap} aText={Runtime error opening '/home/shg/VirtualBox VMs/GNS3 VM/GNS3 VM.vbox' for reading VERR_FILE_NOT_FOUND (File not found.).
00:00:01.199723 nspr-3   /home/vbox/tinderbox/build-trunk/svn/src/VBox/Main/src-server/MachineImpl.cpp[1025] (nsresult Machine::i_registeredInit())}, preserve=false aResultDetail=0
00:00:01.282131 nspr-2   ERROR [COM]: aRC=NS_ERROR_FAILURE (0x80004005) aIID={300763af-5d6b-46e6-aa96-273eac15538a} aComponent={MachineWrap} aText={Runtime error opening '/home/shg/VirtualBox VMs/GNS3 VM/GNS3 VM.vbox' for reading VERR_FILE_NOT_FOUND (File not found.).
00:00:01.282139 nspr-2   /home/vbox/tinderbox/build-trunk/svn/src/VBox/Main/src-server/MachineImpl.cpp[1025] (nsresult Machine::i_registeredInit())}, preserve=false aResultDetail=0
00:00:01.399872 nspr-4   ERROR [COM]: aRC=NS_ERROR_FAILURE (0x80004005) aIID={300763af-5d6b-46e6-aa96-273eac15538a} aComponent={MachineWrap} aText={Runtime error opening '/home/shg/VirtualBox VMs/GNS3 VM/GNS3 VM.vbox' for reading VERR_FILE_NOT_FOUND (File not found.).
00:00:01.399881 nspr-4   /home/vbox/tinderbox/build-trunk/svn/src/VBox/Main/src-server/MachineImpl.cpp[1025] (nsresult Machine::i_registeredInit())}, preserve=false aResultDetail=0
00:00:01.400479 nspr-4   ERROR [COM]: aRC=E_ACCESSDENIED (0x80070005) aIID={300763af-5d6b-46e6-aa96-273eac15538a} aComponent={MachineWrap} aText={The object functionality is limited}, preserve=false aResultDetail=0
00:00:01.405784 nspr-4   ERROR [COM]: aRC=E_ACCESSDENIED (0x80070005) aIID={300763af-5d6b-46e6-aa96-273eac15538a} aComponent={MachineWrap} aText={The object functionality is limited}, preserve=false aResultDetail=0
00:00:01.410210 nspr-4   ERROR [COM]: aRC=E_ACCESSDENIED (0x80070005) aIID={300763af-5d6b-46e6-aa96-273eac15538a} aComponent={MachineWrap} aText={The object functionality is limited}, preserve=false aResultDetail=0
00:00:01.411641 nspr-4   ERROR [COM]: aRC=E_ACCESSDENIED (0x80070005) aIID={300763af-5d6b-46e6-aa96-273eac15538a} aComponent={MachineWrap} aText={The object functionality is limited}, preserve=false aResultDetail=0
00:00:01.415083 nspr-4   ERROR [COM]: aRC=NS_ERROR_FAILURE (0x80004005) aIID={300763af-5d6b-46e6-aa96-273eac15538a} aComponent={MachineWrap} aText={Runtime error opening '/home/shg/VirtualBox VMs/GNS3 VM/GNS3 VM.vbox' for reading VERR_FILE_NOT_FOUND (File not found.).
00:00:01.415092 nspr-4   /home/vbox/tinderbox/build-trunk/svn/src/VBox/Main/src-server/MachineImpl.cpp[1025] (nsresult Machine::i_registeredInit())}, preserve=false aResultDetail=0
00:00:01.422549 nspr-4   ERROR [COM]: aRC=NS_ERROR_FAILURE (0x80004005) aIID={300763af-5d6b-46e6-aa96-273eac15538a} aComponent={MachineWrap} aText={Runtime error opening '/home/shg/VirtualBox VMs/GNS3 VM/GNS3 VM.vbox' for reading VERR_FILE_NOT_FOUND (File not found.).
00:00:01.422569 nspr-4   /home/vbox/tinderbox/build-trunk/svn/src/VBox/Main/src-server/MachineImpl.cpp[1025] (nsresult Machine::i_registeredInit())}, preserve=false aResultDetail=0
00:00:01.426099 nspr-4   ERROR [COM]: aRC=NS_ERROR_FAILURE (0x80004005) aIID={300763af-5d6b-46e6-aa96-273eac15538a} aComponent={MachineWrap} aText={Runtime error opening '/home/shg/VirtualBox VMs/GNS3 VM/GNS3 VM.vbox' for reading VERR_FILE_NOT_FOUND (File not found.).
00:00:01.426108 nspr-4   /home/vbox/tinderbox/build-trunk/svn/src/VBox/Main/src-server/MachineImpl.cpp[1025] (nsresult Machine::i_registeredInit())}, preserve=false aResultDetail=0
00:00:01.429250 nspr-4   ERROR [COM]: aRC=NS_ERROR_FAILURE (0x80004005) aIID={300763af-5d6b-46e6-aa96-273eac15538a} aComponent={MachineWrap} aText={Runtime error opening '/home/shg/VirtualBox VMs/GNS3 VM/GNS3 VM.vbox' for reading VERR_FILE_NOT_FOUND (File not found.).
00:00:01.429259 nspr-4   /home/vbox/tinderbox/build-trunk/svn/src/VBox/Main/src-server/MachineImpl.cpp[1025] (nsresult Machine::i_registeredInit())}, preserve=false aResultDetail=0
00:00:01.433696 nspr-4   ERROR [COM]: aRC=NS_ERROR_FAILURE (0x80004005) aIID={300763af-5d6b-46e6-aa96-273eac15538a} aComponent={MachineWrap} aText={Runtime error opening '/home/shg/VirtualBox VMs/GNS3 VM/GNS3 VM.vbox' for reading VERR_FILE_NOT_FOUND (File not found.).
00:00:01.433702 nspr-4   /home/vbox/tinderbox/build-trunk/svn/src/VBox/Main/src-server/MachineImpl.cpp[1025] (nsresult Machine::i_registeredInit())}, preserve=false aResultDetail=0
00:00:01.436529 nspr-4   ERROR [COM]: aRC=NS_ERROR_FAILURE (0x80004005) aIID={300763af-5d6b-46e6-aa96-273eac15538a} aComponent={MachineWrap} aText={Runtime error opening '/home/shg/VirtualBox VMs/GNS3 VM/GNS3 VM.vbox' for reading VERR_FILE_NOT_FOUND (File not found.).
00:00:01.436534 nspr-4   /home/vbox/tinderbox/build-trunk/svn/src/VBox/Main/src-server/MachineImpl.cpp[1025] (nsresult Machine::i_registeredInit())}, preserve=false aResultDetail=0
00:00:01.576635 nspr-4   Saving settings file "/home/shg/.config/VirtualBox/VirtualBox.xml" with version "1.12-linux"
00:00:01.586985 nspr-4   Finished saving settings file "/home/shg/.config/VirtualBox/VirtualBox.xml"
00:00:06.033116 nspr-3   Saving settings file "/home/shg/.config/VirtualBox/VirtualBox.xml" with version "1.12-linux"
00:00:06.044771 nspr-3   Finished saving settings file "/home/shg/.config/VirtualBox/VirtualBox.xml"
00:00:06.054051 nspr-4   ERROR [COM]: aRC=E_ACCESSDENIED (0x80070005) aIID={300763af-5d6b-46e6-aa96-273eac15538a} aComponent={MachineWrap} aText={The object functionality is limited}, preserve=false aResultDetail=0
00:00:06.056764 nspr-4   ERROR [COM]: aRC=NS_ERROR_FAILURE (0x80004005) aIID={300763af-5d6b-46e6-aa96-273eac15538a} aComponent={MachineWrap} aText={Runtime error opening '/home/shg/VirtualBox VMs/MSEdge - Win10/MSEdge - Win10.vbox' for reading VERR_FILE_NOT_FOUND (File not found.).
00:00:06.056777 nspr-4   /home/vbox/tinderbox/build-trunk/svn/src/VBox/Main/src-server/MachineImpl.cpp[1025] (nsresult Machine::i_registeredInit())}, preserve=false aResultDetail=0
00:00:06.059448 nspr-4   ERROR [COM]: aRC=NS_ERROR_FAILURE (0x80004005) aIID={300763af-5d6b-46e6-aa96-273eac15538a} aComponent={MachineWrap} aText={Runtime error opening '/home/shg/VirtualBox VMs/MSEdge - Win10/MSEdge - Win10.vbox' for reading VERR_FILE_NOT_FOUND (File not found.).
00:00:06.059460 nspr-4   /home/vbox/tinderbox/build-trunk/svn/src/VBox/Main/src-server/MachineImpl.cpp[1025] (nsresult Machine::i_registeredInit())}, preserve=false aResultDetail=0
00:00:06.060429 nspr-4   ERROR [COM]: aRC=NS_ERROR_FAILURE (0x80004005) aIID={300763af-5d6b-46e6-aa96-273eac15538a} aComponent={MachineWrap} aText={Runtime error opening '/home/shg/VirtualBox VMs/MSEdge - Win10/MSEdge - Win10.vbox' for reading VERR_FILE_NOT_FOUND (File not found.).
00:00:06.060438 nspr-4   /home/vbox/tinderbox/build-trunk/svn/src/VBox/Main/src-server/MachineImpl.cpp[1025] (nsresult Machine::i_registeredInit())}, preserve=false aResultDetail=0
00:00:06.061019 nspr-4   ERROR [COM]: aRC=E_ACCESSDENIED (0x80070005) aIID={300763af-5d6b-46e6-aa96-273eac15538a} aComponent={MachineWrap} aText={The object functionality is limited}, preserve=false aResultDetail=0
00:00:06.062711 nspr-4   ERROR [COM]: aRC=E_ACCESSDENIED (0x80070005) aIID={300763af-5d6b-46e6-aa96-273eac15538a} aComponent={MachineWrap} aText={The object functionality is limited}, preserve=false aResultDetail=0
00:00:06.064543 nspr-4   ERROR [COM]: aRC=NS_ERROR_FAILURE (0x80004005) aIID={300763af-5d6b-46e6-aa96-273eac15538a} aComponent={MachineWrap} aText={Runtime error opening '/home/shg/VirtualBox VMs/MSEdge - Win10/MSEdge - Win10.vbox' for reading VERR_FILE_NOT_FOUND (File not found.).
00:00:06.064552 nspr-4   /home/vbox/tinderbox/build-trunk/svn/src/VBox/Main/src-server/MachineImpl.cpp[1025] (nsresult Machine::i_registeredInit())}, preserve=false aResultDetail=0
00:00:06.065351 nspr-4   ERROR [COM]: aRC=NS_ERROR_FAILURE (0x80004005) aIID={300763af-5d6b-46e6-aa96-273eac15538a} aComponent={MachineWrap} aText={Runtime error opening '/home/shg/VirtualBox VMs/MSEdge - Win10/MSEdge - Win10.vbox' for reading VERR_FILE_NOT_FOUND (File not found.).
00:00:06.065360 nspr-4   /home/vbox/tinderbox/build-trunk/svn/src/VBox/Main/src-server/MachineImpl.cpp[1025] (nsresult Machine::i_registeredInit())}, preserve=false aResultDetail=0
00:00:06.066105 nspr-4   ERROR [COM]: aRC=NS_ERROR_FAILURE (0x80004005) aIID={300763af-5d6b-46e6-aa96-273eac15538a} aComponent={MachineWrap} aText={Runtime error opening '/home/shg/VirtualBox VMs/MSEdge - Win10/MSEdge - Win10.vbox' for reading VERR_FILE_NOT_FOUND (File not found.).
00:00:06.066113 nspr-4   /home/vbox/tinderbox/build-trunk/svn/src/VBox/Main/src-server/MachineImpl.cpp[1025] (nsresult Machine::i_registeredInit())}, preserve=false aResultDetail=0
00:00:06.066954 nspr-4   ERROR [COM]: aRC=NS_ERROR_FAILURE (0x80004005) aIID={300763af-5d6b-46e6-aa96-273eac15538a} aComponent={MachineWrap} aText={Runtime error opening '/home/shg/VirtualBox VMs/MSEdge - Win10/MSEdge - Win10.vbox' for reading VERR_FILE_NOT_FOUND (File not found.).
00:00:06.066963 nspr-4   /home/vbox/tinderbox/build-trunk/svn/src/VBox/Main/src-server/MachineImpl.cpp[1025] (nsresult Machine::i_registeredInit())}, preserve=false aResultDetail=0
00:00:06.067781 nspr-4   ERROR [COM]: aRC=NS_ERROR_FAILURE (0x80004005) aIID={300763af-5d6b-46e6-aa96-273eac15538a} aComponent={MachineWrap} aText={Runtime error opening '/home/shg/VirtualBox VMs/MSEdge - Win10/MSEdge - Win10.vbox' for reading VERR_FILE_NOT_FOUND (File not found.).
00:00:06.067795 nspr-4   /home/vbox/tinderbox/build-trunk/svn/src/VBox/Main/src-server/MachineImpl.cpp[1025] (nsresult Machine::i_registeredInit())}, preserve=false aResultDetail=0
00:00:06.069028 nspr-4   ERROR [COM]: aRC=NS_ERROR_FAILURE (0x80004005) aIID={300763af-5d6b-46e6-aa96-273eac15538a} aComponent={MachineWrap} aText={Runtime error opening '/home/shg/VirtualBox VMs/MSEdge - Win10/MSEdge - Win10.vbox' for reading VERR_FILE_NOT_FOUND (File not found.).
00:00:06.069044 nspr-4   /home/vbox/tinderbox/build-trunk/svn/src/VBox/Main/src-server/MachineImpl.cpp[1025] (nsresult Machine::i_registeredInit())}, preserve=false aResultDetail=0
00:00:07.771621 nspr-2   ERROR [COM]: aRC=NS_ERROR_FAILURE (0x80004005) aIID={300763af-5d6b-46e6-aa96-273eac15538a} aComponent={MachineWrap} aText={Runtime error opening '/home/shg/VirtualBox VMs/MSEdge - Win10/MSEdge - Win10.vbox' for reading VERR_FILE_NOT_FOUND (File not found.).
00:00:07.771646 nspr-2   /home/vbox/tinderbox/build-trunk/svn/src/VBox/Main/src-server/MachineImpl.cpp[1025] (nsresult Machine::i_registeredInit())}, preserve=false aResultDetail=0
00:00:09.040337 nspr-3   Saving settings file "/home/shg/.config/VirtualBox/VirtualBox.xml" with version "1.12-linux"
00:00:09.050556 nspr-3   Finished saving settings file "/home/shg/.config/VirtualBox/VirtualBox.xml"
00:00:09.053305 nspr-3   Saving settings file "/home/shg/.config/VirtualBox/VirtualBox.xml" with version "1.12-linux"
00:00:09.059095 nspr-3   Finished saving settings file "/home/shg/.config/VirtualBox/VirtualBox.xml"
00:00:09.063425 nspr-4   ERROR [COM]: aRC=E_ACCESSDENIED (0x80070005) aIID={300763af-5d6b-46e6-aa96-273eac15538a} aComponent={MachineWrap} aText={The object functionality is limited}, preserve=false aResultDetail=0
00:00:09.064875 nspr-4   ERROR [COM]: aRC=NS_ERROR_FAILURE (0x80004005) aIID={300763af-5d6b-46e6-aa96-273eac15538a} aComponent={MachineWrap} aText={Runtime error opening '/home/shg/VirtualBox VMs/IE8 - Win7/IE8 - Win7.vbox' for reading VERR_FILE_NOT_FOUND (File not found.).
00:00:09.064882 nspr-4   /home/vbox/tinderbox/build-trunk/svn/src/VBox/Main/src-server/MachineImpl.cpp[1025] (nsresult Machine::i_registeredInit())}, preserve=false aResultDetail=0
00:00:09.067495 nspr-4   ERROR [COM]: aRC=NS_ERROR_FAILURE (0x80004005) aIID={300763af-5d6b-46e6-aa96-273eac15538a} aComponent={MachineWrap} aText={Runtime error opening '/home/shg/VirtualBox VMs/IE8 - Win7/IE8 - Win7.vbox' for reading VERR_FILE_NOT_FOUND (File not found.).
00:00:09.067501 nspr-4   /home/vbox/tinderbox/build-trunk/svn/src/VBox/Main/src-server/MachineImpl.cpp[1025] (nsresult Machine::i_registeredInit())}, preserve=false aResultDetail=0
00:00:09.068129 nspr-4   ERROR [COM]: aRC=NS_ERROR_FAILURE (0x80004005) aIID={300763af-5d6b-46e6-aa96-273eac15538a} aComponent={MachineWrap} aText={Runtime error opening '/home/shg/VirtualBox VMs/IE8 - Win7/IE8 - Win7.vbox' for reading VERR_FILE_NOT_FOUND (File not found.).
00:00:09.068135 nspr-4   /home/vbox/tinderbox/build-trunk/svn/src/VBox/Main/src-server/MachineImpl.cpp[1025] (nsresult Machine::i_registeredInit())}, preserve=false aResultDetail=0
00:00:09.068335 nspr-4   ERROR [COM]: aRC=E_ACCESSDENIED (0x80070005) aIID={300763af-5d6b-46e6-aa96-273eac15538a} aComponent={MachineWrap} aText={The object functionality is limited}, preserve=false aResultDetail=0
00:00:09.069057 nspr-4   ERROR [COM]: aRC=E_ACCESSDENIED (0x80070005) aIID={300763af-5d6b-46e6-aa96-273eac15538a} aComponent={MachineWrap} aText={The object functionality is limited}, preserve=false aResultDetail=0
00:00:09.069963 nspr-4   ERROR [COM]: aRC=NS_ERROR_FAILURE (0x80004005) aIID={300763af-5d6b-46e6-aa96-273eac15538a} aComponent={MachineWrap} aText={Runtime error opening '/home/shg/VirtualBox VMs/IE8 - Win7/IE8 - Win7.vbox' for reading VERR_FILE_NOT_FOUND (File not found.).
00:00:09.069967 nspr-4   /home/vbox/tinderbox/build-trunk/svn/src/VBox/Main/src-server/MachineImpl.cpp[1025] (nsresult Machine::i_registeredInit())}, preserve=false aResultDetail=0
00:00:09.070311 nspr-4   ERROR [COM]: aRC=NS_ERROR_FAILURE (0x80004005) aIID={300763af-5d6b-46e6-aa96-273eac15538a} aComponent={MachineWrap} aText={Runtime error opening '/home/shg/VirtualBox VMs/IE8 - Win7/IE8 - Win7.vbox' for reading VERR_FILE_NOT_FOUND (File not found.).
00:00:09.070315 nspr-4   /home/vbox/tinderbox/build-trunk/svn/src/VBox/Main/src-server/MachineImpl.cpp[1025] (nsresult Machine::i_registeredInit())}, preserve=false aResultDetail=0
00:00:09.070648 nspr-4   ERROR [COM]: aRC=NS_ERROR_FAILURE (0x80004005) aIID={300763af-5d6b-46e6-aa96-273eac15538a} aComponent={MachineWrap} aText={Runtime error opening '/home/shg/VirtualBox VMs/IE8 - Win7/IE8 - Win7.vbox' for reading VERR_FILE_NOT_FOUND (File not found.).
00:00:09.070652 nspr-4   /home/vbox/tinderbox/build-trunk/svn/src/VBox/Main/src-server/MachineImpl.cpp[1025] (nsresult Machine::i_registeredInit())}, preserve=false aResultDetail=0
00:00:09.071002 nspr-4   ERROR [COM]: aRC=NS_ERROR_FAILURE (0x80004005) aIID={300763af-5d6b-46e6-aa96-273eac15538a} aComponent={MachineWrap} aText={Runtime error opening '/home/shg/VirtualBox VMs/IE8 - Win7/IE8 - Win7.vbox' for reading VERR_FILE_NOT_FOUND (File not found.).
00:00:09.071006 nspr-4   /home/vbox/tinderbox/build-trunk/svn/src/VBox/Main/src-server/MachineImpl.cpp[1025] (nsresult Machine::i_registeredInit())}, preserve=false aResultDetail=0
00:00:09.071320 nspr-4   ERROR [COM]: aRC=NS_ERROR_FAILURE (0x80004005) aIID={300763af-5d6b-46e6-aa96-273eac15538a} aComponent={MachineWrap} aText={Runtime error opening '/home/shg/VirtualBox VMs/IE8 - Win7/IE8 - Win7.vbox' for reading VERR_FILE_NOT_FOUND (File not found.).
00:00:09.071323 nspr-4   /home/vbox/tinderbox/build-trunk/svn/src/VBox/Main/src-server/MachineImpl.cpp[1025] (nsresult Machine::i_registeredInit())}, preserve=false aResultDetail=0
00:00:09.071635 nspr-4   ERROR [COM]: aRC=NS_ERROR_FAILURE (0x80004005) aIID={300763af-5d6b-46e6-aa96-273eac15538a} aComponent={MachineWrap} aText={Runtime error opening '/home/shg/VirtualBox VMs/IE8 - Win7/IE8 - Win7.vbox' for reading VERR_FILE_NOT_FOUND (File not found.).
00:00:09.071639 nspr-4   /home/vbox/tinderbox/build-trunk/svn/src/VBox/Main/src-server/MachineImpl.cpp[1025] (nsresult Machine::i_registeredInit())}, preserve=false aResultDetail=0
00:00:11.827304 nspr-2   ERROR [COM]: aRC=NS_ERROR_FAILURE (0x80004005) aIID={300763af-5d6b-46e6-aa96-273eac15538a} aComponent={MachineWrap} aText={Runtime error opening '/home/shg/VirtualBox VMs/IE8 - Win7/IE8 - Win7.vbox' for reading VERR_FILE_NOT_FOUND (File not found.).
00:00:11.827322 nspr-2   /home/vbox/tinderbox/build-trunk/svn/src/VBox/Main/src-server/MachineImpl.cpp[1025] (nsresult Machine::i_registeredInit())}, preserve=false aResultDetail=0
00:00:12.971415 nspr-2   Saving settings file "/home/shg/.config/VirtualBox/VirtualBox.xml" with version "1.12-linux"
00:00:12.982402 nspr-2   Finished saving settings file "/home/shg/.config/VirtualBox/VirtualBox.xml"
00:00:12.989019 nspr-4   Saving settings file "/home/shg/.config/VirtualBox/VirtualBox.xml" with version "1.12-linux"
00:00:12.995698 nspr-4   Finished saving settings file "/home/shg/.config/VirtualBox/VirtualBox.xml"
00:00:13.001897 nspr-2   ERROR [COM]: aRC=E_ACCESSDENIED (0x80070005) aIID={300763af-5d6b-46e6-aa96-273eac15538a} aComponent={MachineWrap} aText={The object functionality is limited}, preserve=false aResultDetail=0
00:00:13.003279 nspr-2   ERROR [COM]: aRC=NS_ERROR_FAILURE (0x80004005) aIID={300763af-5d6b-46e6-aa96-273eac15538a} aComponent={MachineWrap} aText={Runtime error opening '/home/shg/VirtualBox VMs/GNS3 VM/GNS3 VM.vbox' for reading VERR_FILE_NOT_FOUND (File not found.).
00:00:13.003286 nspr-2   /home/vbox/tinderbox/build-trunk/svn/src/VBox/Main/src-server/MachineImpl.cpp[1025] (nsresult Machine::i_registeredInit())}, preserve=false aResultDetail=0
00:00:13.004538 nspr-2   ERROR [COM]: aRC=NS_ERROR_FAILURE (0x80004005) aIID={300763af-5d6b-46e6-aa96-273eac15538a} aComponent={MachineWrap} aText={Runtime error opening '/home/shg/VirtualBox VMs/GNS3 VM/GNS3 VM.vbox' for reading VERR_FILE_NOT_FOUND (File not found.).
00:00:13.004542 nspr-2   /home/vbox/tinderbox/build-trunk/svn/src/VBox/Main/src-server/MachineImpl.cpp[1025] (nsresult Machine::i_registeredInit())}, preserve=false aResultDetail=0
00:00:13.005860 nspr-2   ERROR [COM]: aRC=NS_ERROR_FAILURE (0x80004005) aIID={300763af-5d6b-46e6-aa96-273eac15538a} aComponent={MachineWrap} aText={Runtime error opening '/home/shg/VirtualBox VMs/GNS3 VM/GNS3 VM.vbox' for reading VERR_FILE_NOT_FOUND (File not found.).
00:00:13.005873 nspr-2   /home/vbox/tinderbox/build-trunk/svn/src/VBox/Main/src-server/MachineImpl.cpp[1025] (nsresult Machine::i_registeredInit())}, preserve=false aResultDetail=0
00:00:13.006522 nspr-2   ERROR [COM]: aRC=E_ACCESSDENIED (0x80070005) aIID={300763af-5d6b-46e6-aa96-273eac15538a} aComponent={MachineWrap} aText={The object functionality is limited}, preserve=false aResultDetail=0
00:00:13.007734 nspr-2   ERROR [COM]: aRC=E_ACCESSDENIED (0x80070005) aIID={300763af-5d6b-46e6-aa96-273eac15538a} aComponent={MachineWrap} aText={The object functionality is limited}, preserve=false aResultDetail=0
00:00:13.008669 nspr-2   ERROR [COM]: aRC=NS_ERROR_FAILURE (0x80004005) aIID={300763af-5d6b-46e6-aa96-273eac15538a} aComponent={MachineWrap} aText={Runtime error opening '/home/shg/VirtualBox VMs/GNS3 VM/GNS3 VM.vbox' for reading VERR_FILE_NOT_FOUND (File not found.).
00:00:13.008673 nspr-2   /home/vbox/tinderbox/build-trunk/svn/src/VBox/Main/src-server/MachineImpl.cpp[1025] (nsresult Machine::i_registeredInit())}, preserve=false aResultDetail=0
00:00:13.009059 nspr-2   ERROR [COM]: aRC=NS_ERROR_FAILURE (0x80004005) aIID={300763af-5d6b-46e6-aa96-273eac15538a} aComponent={MachineWrap} aText={Runtime error opening '/home/shg/VirtualBox VMs/GNS3 VM/GNS3 VM.vbox' for reading VERR_FILE_NOT_FOUND (File not found.).
00:00:13.009064 nspr-2   /home/vbox/tinderbox/build-trunk/svn/src/VBox/Main/src-server/MachineImpl.cpp[1025] (nsresult Machine::i_registeredInit())}, preserve=false aResultDetail=0
00:00:13.009446 nspr-2   ERROR [COM]: aRC=NS_ERROR_FAILURE (0x80004005) aIID={300763af-5d6b-46e6-aa96-273eac15538a} aComponent={MachineWrap} aText={Runtime error opening '/home/shg/VirtualBox VMs/GNS3 VM/GNS3 VM.vbox' for reading VERR_FILE_NOT_FOUND (File not found.).
00:00:13.009450 nspr-2   /home/vbox/tinderbox/build-trunk/svn/src/VBox/Main/src-server/MachineImpl.cpp[1025] (nsresult Machine::i_registeredInit())}, preserve=false aResultDetail=0
00:00:13.009858 nspr-2   ERROR [COM]: aRC=NS_ERROR_FAILURE (0x80004005) aIID={300763af-5d6b-46e6-aa96-273eac15538a} aComponent={MachineWrap} aText={Runtime error opening '/home/shg/VirtualBox VMs/GNS3 VM/GNS3 VM.vbox' for reading VERR_FILE_NOT_FOUND (File not found.).
00:00:13.009861 nspr-2   /home/vbox/tinderbox/build-trunk/svn/src/VBox/Main/src-server/MachineImpl.cpp[1025] (nsresult Machine::i_registeredInit())}, preserve=false aResultDetail=0
00:00:13.010220 nspr-2   ERROR [COM]: aRC=NS_ERROR_FAILURE (0x80004005) aIID={300763af-5d6b-46e6-aa96-273eac15538a} aComponent={MachineWrap} aText={Runtime error opening '/home/shg/VirtualBox VMs/GNS3 VM/GNS3 VM.vbox' for reading VERR_FILE_NOT_FOUND (File not found.).
00:00:13.010224 nspr-2   /home/vbox/tinderbox/build-trunk/svn/src/VBox/Main/src-server/MachineImpl.cpp[1025] (nsresult Machine::i_registeredInit())}, preserve=false aResultDetail=0
00:00:13.010576 nspr-2   ERROR [COM]: aRC=NS_ERROR_FAILURE (0x80004005) aIID={300763af-5d6b-46e6-aa96-273eac15538a} aComponent={MachineWrap} aText={Runtime error opening '/home/shg/VirtualBox VMs/GNS3 VM/GNS3 VM.vbox' for reading VERR_FILE_NOT_FOUND (File not found.).
00:00:13.010580 nspr-2   /home/vbox/tinderbox/build-trunk/svn/src/VBox/Main/src-server/MachineImpl.cpp[1025] (nsresult Machine::i_registeredInit())}, preserve=false aResultDetail=0
00:00:15.940400 nspr-3   ERROR [COM]: aRC=NS_ERROR_FAILURE (0x80004005) aIID={300763af-5d6b-46e6-aa96-273eac15538a} aComponent={MachineWrap} aText={Runtime error opening '/home/shg/VirtualBox VMs/GNS3 VM/GNS3 VM.vbox' for reading VERR_FILE_NOT_FOUND (File not found.).
00:00:15.940423 nspr-3   /home/vbox/tinderbox/build-trunk/svn/src/VBox/Main/src-server/MachineImpl.cpp[1025] (nsresult Machine::i_registeredInit())}, preserve=false aResultDetail=0
00:00:17.626733 nspr-2   Saving settings file "/home/shg/.config/VirtualBox/VirtualBox.xml" with version "1.12-linux"
00:00:17.634701 nspr-2   Finished saving settings file "/home/shg/.config/VirtualBox/VirtualBox.xml"
00:00:17.637358 nspr-3   Saving settings file "/home/shg/.config/VirtualBox/VirtualBox.xml" with version "1.12-linux"
00:00:17.641687 nspr-3   Finished saving settings file "/home/shg/.config/VirtualBox/VirtualBox.xml"
00:00:24.688459 main     VirtualBox: object deletion starts
00:00:24.688804 main     HostDnsMonitor: shutting down ...
00:00:24.689140 main     HostDnsMonitor: shut down
00:00:24.699809 Watcher  ERROR [COM]: aRC=E_ACCESSDENIED (0x80070005) aIID={7682d5eb-f00e-44f1-8ca2-99d08b1cd607} aComponent={VirtualBoxWrap} aText={The object is not ready}, preserve=false aResultDetail=0
00:00:24.699889 main     VirtualBox: object deleted
